2022-08-07T01:05:20+00:00 CRITICAL Uncaught Error: Class 'Automattic\Jetpack\Search\REST_Controller' not found in /home/sneeze7/public_html/wp-content/plugins/jetpack/_inc/lib/core-api/wpcom-endpoints/class-wpcom-rest-api-v2-endpoint-search.php:30
Stack trace:
#0 /home/sneeze7/public_html/wp-content/plugins/jetpack/_inc/lib/core-api/load-wpcom-endpoints.php(32): WPCOM_REST_API_V2_Endpoint_Search->__construct()
#1 /home/sneeze7/public_html/wp-content/plugins/jetpack/_inc/lib/core-api/wpcom-endpoints/class-wpcom-rest-api-v2-endpoint-search.php(51): wpcom_rest_api_v2_load_plugin('WPCOM_REST_API_...')
#2 /home/sneeze7/public_html/wp-content/plugins/jetpack/_inc/lib/core-api/load-wpcom-endpoints.php(19): require_once('/home/sneeze7/p...')
#3 /home/sneeze7/public_html/wp-content/plugins/jetpack/_inc/lib/core-api/load-wpcom-endpoints.php(42): wpcom_rest_api_v2_load_plugin_files('wpcom-endpoints...')
#4 /home/sneeze7/public_html/wp-includes/class-wp-hook.php(307): load_wpcom_rest_api_v2_plugin_files('')
#5 /home/sneeze7/public_html/wp-includes/class-w in /home/sneeze7/public_html/wp-content/plugins/jetpack/_inc/lib/core-api/wpcom-endpoints/class-wpcom-rest-api-v2-endpoint-search.php on line 30

2022-08-07T01:47:37+00:00 CRITICAL Uncaught Error: Class 'Automattic\Jetpack\Search\REST_Controller' not found in /home/sneeze7/public_html/wp-content/plugins/jetpack/_inc/lib/core-api/wpcom-endpoints/class-wpcom-rest-api-v2-endpoint-search.php:30
Stack trace:
#0 /home/sneeze7/public_html/wp-content/plugins/jetpack/_inc/lib/core-api/load-wpcom-endpoints.php(32): WPCOM_REST_API_V2_Endpoint_Search->__construct()
#1 /home/sneeze7/public_html/wp-content/plugins/jetpack/_inc/lib/core-api/wpcom-endpoints/class-wpcom-rest-api-v2-endpoint-search.php(51): wpcom_rest_api_v2_load_plugin('WPCOM_REST_API_...')
#2 /home/sneeze7/public_html/wp-content/plugins/jetpack/_inc/lib/core-api/load-wpcom-endpoints.php(19): require_once('/home/sneeze7/p...')
#3 /home/sneeze7/public_html/wp-content/plugins/jetpack/_inc/lib/core-api/load-wpcom-endpoints.php(42): wpcom_rest_api_v2_load_plugin_files('wpcom-endpoints...')
#4 /home/sneeze7/public_html/wp-includes/class-wp-hook.php(307): load_wpcom_rest_api_v2_plugin_files('')
#5 /home/sneeze7/public_html/wp-includes/class-w in /home/sneeze7/public_html/wp-content/plugins/jetpack/_inc/lib/core-api/wpcom-endpoints/class-wpcom-rest-api-v2-endpoint-search.php on line 30

2022-08-07T02:15:12+00:00 CRITICAL Uncaught Error: Class 'Automattic\Jetpack\Search\REST_Controller' not found in /home/sneeze7/public_html/wp-content/plugins/jetpack/_inc/lib/core-api/wpcom-endpoints/class-wpcom-rest-api-v2-endpoint-search.php:30
Stack trace:
#0 /home/sneeze7/public_html/wp-content/plugins/jetpack/_inc/lib/core-api/load-wpcom-endpoints.php(32): WPCOM_REST_API_V2_Endpoint_Search->__construct()
#1 /home/sneeze7/public_html/wp-content/plugins/jetpack/_inc/lib/core-api/wpcom-endpoints/class-wpcom-rest-api-v2-endpoint-search.php(51): wpcom_rest_api_v2_load_plugin('WPCOM_REST_API_...')
#2 /home/sneeze7/public_html/wp-content/plugins/jetpack/_inc/lib/core-api/load-wpcom-endpoints.php(19): require_once('/home/sneeze7/p...')
#3 /home/sneeze7/public_html/wp-content/plugins/jetpack/_inc/lib/core-api/load-wpcom-endpoints.php(42): wpcom_rest_api_v2_load_plugin_files('wpcom-endpoints...')
#4 /home/sneeze7/public_html/wp-includes/class-wp-hook.php(307): load_wpcom_rest_api_v2_plugin_files('')
#5 /home/sneeze7/public_html/wp-includes/class-w in /home/sneeze7/public_html/wp-content/plugins/jetpack/_inc/lib/core-api/wpcom-endpoints/class-wpcom-rest-api-v2-endpoint-search.php on line 30

2022-08-07T03:44:27+00:00 CRITICAL Uncaught Error: Class 'Automattic\Jetpack\Search\REST_Controller' not found in /home/sneeze7/public_html/wp-content/plugins/jetpack/_inc/lib/core-api/wpcom-endpoints/class-wpcom-rest-api-v2-endpoint-search.php:30
Stack trace:
#0 /home/sneeze7/public_html/wp-content/plugins/jetpack/_inc/lib/core-api/load-wpcom-endpoints.php(32): WPCOM_REST_API_V2_Endpoint_Search->__construct()
#1 /home/sneeze7/public_html/wp-content/plugins/jetpack/_inc/lib/core-api/wpcom-endpoints/class-wpcom-rest-api-v2-endpoint-search.php(51): wpcom_rest_api_v2_load_plugin('WPCOM_REST_API_...')
#2 /home/sneeze7/public_html/wp-content/plugins/jetpack/_inc/lib/core-api/load-wpcom-endpoints.php(19): require_once('/home/sneeze7/p...')
#3 /home/sneeze7/public_html/wp-content/plugins/jetpack/_inc/lib/core-api/load-wpcom-endpoints.php(42): wpcom_rest_api_v2_load_plugin_files('wpcom-endpoints...')
#4 /home/sneeze7/public_html/wp-includes/class-wp-hook.php(307): load_wpcom_rest_api_v2_plugin_files('')
#5 /home/sneeze7/public_html/wp-includes/class-w in /home/sneeze7/public_html/wp-content/plugins/jetpack/_inc/lib/core-api/wpcom-endpoints/class-wpcom-rest-api-v2-endpoint-search.php on line 30

2022-08-07T05:09:45+00:00 CRITICAL Uncaught Error: Class 'Automattic\Jetpack\Search\REST_Controller' not found in /home/sneeze7/public_html/wp-content/plugins/jetpack/_inc/lib/core-api/wpcom-endpoints/class-wpcom-rest-api-v2-endpoint-search.php:30
Stack trace:
#0 /home/sneeze7/public_html/wp-content/plugins/jetpack/_inc/lib/core-api/load-wpcom-endpoints.php(32): WPCOM_REST_API_V2_Endpoint_Search->__construct()
#1 /home/sneeze7/public_html/wp-content/plugins/jetpack/_inc/lib/core-api/wpcom-endpoints/class-wpcom-rest-api-v2-endpoint-search.php(51): wpcom_rest_api_v2_load_plugin('WPCOM_REST_API_...')
#2 /home/sneeze7/public_html/wp-content/plugins/jetpack/_inc/lib/core-api/load-wpcom-endpoints.php(19): require_once('/home/sneeze7/p...')
#3 /home/sneeze7/public_html/wp-content/plugins/jetpack/_inc/lib/core-api/load-wpcom-endpoints.php(42): wpcom_rest_api_v2_load_plugin_files('wpcom-endpoints...')
#4 /home/sneeze7/public_html/wp-includes/class-wp-hook.php(307): load_wpcom_rest_api_v2_plugin_files('')
#5 /home/sneeze7/public_html/wp-includes/class-w in /home/sneeze7/public_html/wp-content/plugins/jetpack/_inc/lib/core-api/wpcom-endpoints/class-wpcom-rest-api-v2-endpoint-search.php on line 30

2022-08-07T05:46:20+00:00 CRITICAL Uncaught Error: Class 'Automattic\Jetpack\Search\REST_Controller' not found in /home/sneeze7/public_html/wp-content/plugins/jetpack/_inc/lib/core-api/wpcom-endpoints/class-wpcom-rest-api-v2-endpoint-search.php:30
Stack trace:
#0 /home/sneeze7/public_html/wp-content/plugins/jetpack/_inc/lib/core-api/load-wpcom-endpoints.php(32): WPCOM_REST_API_V2_Endpoint_Search->__construct()
#1 /home/sneeze7/public_html/wp-content/plugins/jetpack/_inc/lib/core-api/wpcom-endpoints/class-wpcom-rest-api-v2-endpoint-search.php(51): wpcom_rest_api_v2_load_plugin('WPCOM_REST_API_...')
#2 /home/sneeze7/public_html/wp-content/plugins/jetpack/_inc/lib/core-api/load-wpcom-endpoints.php(19): require_once('/home/sneeze7/p...')
#3 /home/sneeze7/public_html/wp-content/plugins/jetpack/_inc/lib/core-api/load-wpcom-endpoints.php(42): wpcom_rest_api_v2_load_plugin_files('wpcom-endpoints...')
#4 /home/sneeze7/public_html/wp-includes/class-wp-hook.php(307): load_wpcom_rest_api_v2_plugin_files('')
#5 /home/sneeze7/public_html/wp-includes/class-w in /home/sneeze7/public_html/wp-content/plugins/jetpack/_inc/lib/core-api/wpcom-endpoints/class-wpcom-rest-api-v2-endpoint-search.php on line 30

2022-08-07T09:50:35+00:00 CRITICAL Uncaught Error: Class 'Automattic\Jetpack\Search\REST_Controller' not found in /home/sneeze7/public_html/wp-content/plugins/jetpack/_inc/lib/core-api/wpcom-endpoints/class-wpcom-rest-api-v2-endpoint-search.php:30
Stack trace:
#0 /home/sneeze7/public_html/wp-content/plugins/jetpack/_inc/lib/core-api/load-wpcom-endpoints.php(32): WPCOM_REST_API_V2_Endpoint_Search->__construct()
#1 /home/sneeze7/public_html/wp-content/plugins/jetpack/_inc/lib/core-api/wpcom-endpoints/class-wpcom-rest-api-v2-endpoint-search.php(51): wpcom_rest_api_v2_load_plugin('WPCOM_REST_API_...')
#2 /home/sneeze7/public_html/wp-content/plugins/jetpack/_inc/lib/core-api/load-wpcom-endpoints.php(19): require_once('/home/sneeze7/p...')
#3 /home/sneeze7/public_html/wp-content/plugins/jetpack/_inc/lib/core-api/load-wpcom-endpoints.php(42): wpcom_rest_api_v2_load_plugin_files('wpcom-endpoints...')
#4 /home/sneeze7/public_html/wp-includes/class-wp-hook.php(307): load_wpcom_rest_api_v2_plugin_files('')
#5 /home/sneeze7/public_html/wp-includes/class-w in /home/sneeze7/public_html/wp-content/plugins/jetpack/_inc/lib/core-api/wpcom-endpoints/class-wpcom-rest-api-v2-endpoint-search.php on line 30

2022-08-07T10:21:46+00:00 CRITICAL Uncaught Error: Class 'Automattic\Jetpack\Search\REST_Controller' not found in /home/sneeze7/public_html/wp-content/plugins/jetpack/_inc/lib/core-api/wpcom-endpoints/class-wpcom-rest-api-v2-endpoint-search.php:30
Stack trace:
#0 /home/sneeze7/public_html/wp-content/plugins/jetpack/_inc/lib/core-api/load-wpcom-endpoints.php(32): WPCOM_REST_API_V2_Endpoint_Search->__construct()
#1 /home/sneeze7/public_html/wp-content/plugins/jetpack/_inc/lib/core-api/wpcom-endpoints/class-wpcom-rest-api-v2-endpoint-search.php(51): wpcom_rest_api_v2_load_plugin('WPCOM_REST_API_...')
#2 /home/sneeze7/public_html/wp-content/plugins/jetpack/_inc/lib/core-api/load-wpcom-endpoints.php(19): require_once('/home/sneeze7/p...')
#3 /home/sneeze7/public_html/wp-content/plugins/jetpack/_inc/lib/core-api/load-wpcom-endpoints.php(42): wpcom_rest_api_v2_load_plugin_files('wpcom-endpoints...')
#4 /home/sneeze7/public_html/wp-includes/class-wp-hook.php(307): load_wpcom_rest_api_v2_plugin_files('')
#5 /home/sneeze7/public_html/wp-includes/class-w in /home/sneeze7/public_html/wp-content/plugins/jetpack/_inc/lib/core-api/wpcom-endpoints/class-wpcom-rest-api-v2-endpoint-search.php on line 30

2022-08-07T10:24:13+00:00 CRITICAL Uncaught Error: Class 'Automattic\Jetpack\Search\REST_Controller' not found in /home/sneeze7/public_html/wp-content/plugins/jetpack/_inc/lib/core-api/wpcom-endpoints/class-wpcom-rest-api-v2-endpoint-search.php:30
Stack trace:
#0 /home/sneeze7/public_html/wp-content/plugins/jetpack/_inc/lib/core-api/load-wpcom-endpoints.php(32): WPCOM_REST_API_V2_Endpoint_Search->__construct()
#1 /home/sneeze7/public_html/wp-content/plugins/jetpack/_inc/lib/core-api/wpcom-endpoints/class-wpcom-rest-api-v2-endpoint-search.php(51): wpcom_rest_api_v2_load_plugin('WPCOM_REST_API_...')
#2 /home/sneeze7/public_html/wp-content/plugins/jetpack/_inc/lib/core-api/load-wpcom-endpoints.php(19): require_once('/home/sneeze7/p...')
#3 /home/sneeze7/public_html/wp-content/plugins/jetpack/_inc/lib/core-api/load-wpcom-endpoints.php(42): wpcom_rest_api_v2_load_plugin_files('wpcom-endpoints...')
#4 /home/sneeze7/public_html/wp-includes/class-wp-hook.php(307): load_wpcom_rest_api_v2_plugin_files('')
#5 /home/sneeze7/public_html/wp-includes/class-w in /home/sneeze7/public_html/wp-content/plugins/jetpack/_inc/lib/core-api/wpcom-endpoints/class-wpcom-rest-api-v2-endpoint-search.php on line 30

2022-08-07T10:52:26+00:00 CRITICAL Uncaught Error: Class 'Automattic\Jetpack\Search\REST_Controller' not found in /home/sneeze7/public_html/wp-content/plugins/jetpack/_inc/lib/core-api/wpcom-endpoints/class-wpcom-rest-api-v2-endpoint-search.php:30
Stack trace:
#0 /home/sneeze7/public_html/wp-content/plugins/jetpack/_inc/lib/core-api/load-wpcom-endpoints.php(32): WPCOM_REST_API_V2_Endpoint_Search->__construct()
#1 /home/sneeze7/public_html/wp-content/plugins/jetpack/_inc/lib/core-api/wpcom-endpoints/class-wpcom-rest-api-v2-endpoint-search.php(51): wpcom_rest_api_v2_load_plugin('WPCOM_REST_API_...')
#2 /home/sneeze7/public_html/wp-content/plugins/jetpack/_inc/lib/core-api/load-wpcom-endpoints.php(19): require_once('/home/sneeze7/p...')
#3 /home/sneeze7/public_html/wp-content/plugins/jetpack/_inc/lib/core-api/load-wpcom-endpoints.php(42): wpcom_rest_api_v2_load_plugin_files('wpcom-endpoints...')
#4 /home/sneeze7/public_html/wp-includes/class-wp-hook.php(307): load_wpcom_rest_api_v2_plugin_files('')
#5 /home/sneeze7/public_html/wp-includes/class-w in /home/sneeze7/public_html/wp-content/plugins/jetpack/_inc/lib/core-api/wpcom-endpoints/class-wpcom-rest-api-v2-endpoint-search.php on line 30

2022-08-07T16:14:20+00:00 CRITICAL Uncaught Error: Class 'Automattic\Jetpack\Search\REST_Controller' not found in /home/sneeze7/public_html/wp-content/plugins/jetpack/_inc/lib/core-api/wpcom-endpoints/class-wpcom-rest-api-v2-endpoint-search.php:30
Stack trace:
#0 /home/sneeze7/public_html/wp-content/plugins/jetpack/_inc/lib/core-api/load-wpcom-endpoints.php(32): WPCOM_REST_API_V2_Endpoint_Search->__construct()
#1 /home/sneeze7/public_html/wp-content/plugins/jetpack/_inc/lib/core-api/wpcom-endpoints/class-wpcom-rest-api-v2-endpoint-search.php(51): wpcom_rest_api_v2_load_plugin('WPCOM_REST_API_...')
#2 /home/sneeze7/public_html/wp-content/plugins/jetpack/_inc/lib/core-api/load-wpcom-endpoints.php(19): require_once('/home/sneeze7/p...')
#3 /home/sneeze7/public_html/wp-content/plugins/jetpack/_inc/lib/core-api/load-wpcom-endpoints.php(42): wpcom_rest_api_v2_load_plugin_files('wpcom-endpoints...')
#4 /home/sneeze7/public_html/wp-includes/class-wp-hook.php(307): load_wpcom_rest_api_v2_plugin_files('')
#5 /home/sneeze7/public_html/wp-includes/class-w in /home/sneeze7/public_html/wp-content/plugins/jetpack/_inc/lib/core-api/wpcom-endpoints/class-wpcom-rest-api-v2-endpoint-search.php on line 30

2022-08-07T16:14:55+00:00 CRITICAL Uncaught Error: Class 'Automattic\Jetpack\Search\REST_Controller' not found in /home/sneeze7/public_html/wp-content/plugins/jetpack/_inc/lib/core-api/wpcom-endpoints/class-wpcom-rest-api-v2-endpoint-search.php:30
Stack trace:
#0 /home/sneeze7/public_html/wp-content/plugins/jetpack/_inc/lib/core-api/load-wpcom-endpoints.php(32): WPCOM_REST_API_V2_Endpoint_Search->__construct()
#1 /home/sneeze7/public_html/wp-content/plugins/jetpack/_inc/lib/core-api/wpcom-endpoints/class-wpcom-rest-api-v2-endpoint-search.php(51): wpcom_rest_api_v2_load_plugin('WPCOM_REST_API_...')
#2 /home/sneeze7/public_html/wp-content/plugins/jetpack/_inc/lib/core-api/load-wpcom-endpoints.php(19): require_once('/home/sneeze7/p...')
#3 /home/sneeze7/public_html/wp-content/plugins/jetpack/_inc/lib/core-api/load-wpcom-endpoints.php(42): wpcom_rest_api_v2_load_plugin_files('wpcom-endpoints...')
#4 /home/sneeze7/public_html/wp-includes/class-wp-hook.php(307): load_wpcom_rest_api_v2_plugin_files('')
#5 /home/sneeze7/public_html/wp-includes/class-w in /home/sneeze7/public_html/wp-content/plugins/jetpack/_inc/lib/core-api/wpcom-endpoints/class-wpcom-rest-api-v2-endpoint-search.php on line 30

2022-08-07T16:15:08+00:00 CRITICAL Uncaught Error: Class 'Automattic\Jetpack\Search\REST_Controller' not found in /home/sneeze7/public_html/wp-content/plugins/jetpack/_inc/lib/core-api/wpcom-endpoints/class-wpcom-rest-api-v2-endpoint-search.php:30
Stack trace:
#0 /home/sneeze7/public_html/wp-content/plugins/jetpack/_inc/lib/core-api/load-wpcom-endpoints.php(32): WPCOM_REST_API_V2_Endpoint_Search->__construct()
#1 /home/sneeze7/public_html/wp-content/plugins/jetpack/_inc/lib/core-api/wpcom-endpoints/class-wpcom-rest-api-v2-endpoint-search.php(51): wpcom_rest_api_v2_load_plugin('WPCOM_REST_API_...')
#2 /home/sneeze7/public_html/wp-content/plugins/jetpack/_inc/lib/core-api/load-wpcom-endpoints.php(19): require_once('/home/sneeze7/p...')
#3 /home/sneeze7/public_html/wp-content/plugins/jetpack/_inc/lib/core-api/load-wpcom-endpoints.php(42): wpcom_rest_api_v2_load_plugin_files('wpcom-endpoints...')
#4 /home/sneeze7/public_html/wp-includes/class-wp-hook.php(307): load_wpcom_rest_api_v2_plugin_files('')
#5 /home/sneeze7/public_html/wp-includes/class-w in /home/sneeze7/public_html/wp-content/plugins/jetpack/_inc/lib/core-api/wpcom-endpoints/class-wpcom-rest-api-v2-endpoint-search.php on line 30

2022-08-07T20:06:39+00:00 CRITICAL Uncaught Error: Class 'Automattic\Jetpack\Search\REST_Controller' not found in /home/sneeze7/public_html/wp-content/plugins/jetpack/_inc/lib/core-api/wpcom-endpoints/class-wpcom-rest-api-v2-endpoint-search.php:30
Stack trace:
#0 /home/sneeze7/public_html/wp-content/plugins/jetpack/_inc/lib/core-api/load-wpcom-endpoints.php(32): WPCOM_REST_API_V2_Endpoint_Search->__construct()
#1 /home/sneeze7/public_html/wp-content/plugins/jetpack/_inc/lib/core-api/wpcom-endpoints/class-wpcom-rest-api-v2-endpoint-search.php(51): wpcom_rest_api_v2_load_plugin('WPCOM_REST_API_...')
#2 /home/sneeze7/public_html/wp-content/plugins/jetpack/_inc/lib/core-api/load-wpcom-endpoints.php(19): require_once('/home/sneeze7/p...')
#3 /home/sneeze7/public_html/wp-content/plugins/jetpack/_inc/lib/core-api/load-wpcom-endpoints.php(42): wpcom_rest_api_v2_load_plugin_files('wpcom-endpoints...')
#4 /home/sneeze7/public_html/wp-includes/class-wp-hook.php(307): load_wpcom_rest_api_v2_plugin_files('')
#5 /home/sneeze7/public_html/wp-includes/class-w in /home/sneeze7/public_html/wp-content/plugins/jetpack/_inc/lib/core-api/wpcom-endpoints/class-wpcom-rest-api-v2-endpoint-search.php on line 30

2022-08-07T22:23:09+00:00 CRITICAL Uncaught Error: Class 'Automattic\Jetpack\Search\REST_Controller' not found in /home/sneeze7/public_html/wp-content/plugins/jetpack/_inc/lib/core-api/wpcom-endpoints/class-wpcom-rest-api-v2-endpoint-search.php:30
Stack trace:
#0 /home/sneeze7/public_html/wp-content/plugins/jetpack/_inc/lib/core-api/load-wpcom-endpoints.php(32): WPCOM_REST_API_V2_Endpoint_Search->__construct()
#1 /home/sneeze7/public_html/wp-content/plugins/jetpack/_inc/lib/core-api/wpcom-endpoints/class-wpcom-rest-api-v2-endpoint-search.php(51): wpcom_rest_api_v2_load_plugin('WPCOM_REST_API_...')
#2 /home/sneeze7/public_html/wp-content/plugins/jetpack/_inc/lib/core-api/load-wpcom-endpoints.php(19): require_once('/home/sneeze7/p...')
#3 /home/sneeze7/public_html/wp-content/plugins/jetpack/_inc/lib/core-api/load-wpcom-endpoints.php(42): wpcom_rest_api_v2_load_plugin_files('wpcom-endpoints...')
#4 /home/sneeze7/public_html/wp-includes/class-wp-hook.php(307): load_wpcom_rest_api_v2_plugin_files('')
#5 /home/sneeze7/public_html/wp-includes/class-w in /home/sneeze7/public_html/wp-content/plugins/jetpack/_inc/lib/core-api/wpcom-endpoints/class-wpcom-rest-api-v2-endpoint-search.php on line 30

2022-08-07T23:38:55+00:00 CRITICAL Uncaught Error: Class 'Automattic\Jetpack\Search\REST_Controller' not found in /home/sneeze7/public_html/wp-content/plugins/jetpack/_inc/lib/core-api/wpcom-endpoints/class-wpcom-rest-api-v2-endpoint-search.php:30
Stack trace:
#0 /home/sneeze7/public_html/wp-content/plugins/jetpack/_inc/lib/core-api/load-wpcom-endpoints.php(32): WPCOM_REST_API_V2_Endpoint_Search->__construct()
#1 /home/sneeze7/public_html/wp-content/plugins/jetpack/_inc/lib/core-api/wpcom-endpoints/class-wpcom-rest-api-v2-endpoint-search.php(51): wpcom_rest_api_v2_load_plugin('WPCOM_REST_API_...')
#2 /home/sneeze7/public_html/wp-content/plugins/jetpack/_inc/lib/core-api/load-wpcom-endpoints.php(19): require_once('/home/sneeze7/p...')
#3 /home/sneeze7/public_html/wp-content/plugins/jetpack/_inc/lib/core-api/load-wpcom-endpoints.php(42): wpcom_rest_api_v2_load_plugin_files('wpcom-endpoints...')
#4 /home/sneeze7/public_html/wp-includes/class-wp-hook.php(307): load_wpcom_rest_api_v2_plugin_files('')
#5 /home/sneeze7/public_html/wp-includes/class-w in /home/sneeze7/public_html/wp-content/plugins/jetpack/_inc/lib/core-api/wpcom-endpoints/class-wpcom-rest-api-v2-endpoint-search.php on line 30

