2022-08-10T01:06:40+00:00 CRITICAL Uncaught Error: Class 'Automattic\Jetpack\Search\REST_Controller' not found in /home/sneeze7/public_html/wp-content/plugins/jetpack/_inc/lib/core-api/wpcom-endpoints/class-wpcom-rest-api-v2-endpoint-search.php:30
Stack trace:
#0 /home/sneeze7/public_html/wp-content/plugins/jetpack/_inc/lib/core-api/load-wpcom-endpoints.php(32): WPCOM_REST_API_V2_Endpoint_Search->__construct()
#1 /home/sneeze7/public_html/wp-content/plugins/jetpack/_inc/lib/core-api/wpcom-endpoints/class-wpcom-rest-api-v2-endpoint-search.php(51): wpcom_rest_api_v2_load_plugin('WPCOM_REST_API_...')
#2 /home/sneeze7/public_html/wp-content/plugins/jetpack/_inc/lib/core-api/load-wpcom-endpoints.php(19): require_once('/home/sneeze7/p...')
#3 /home/sneeze7/public_html/wp-content/plugins/jetpack/_inc/lib/core-api/load-wpcom-endpoints.php(42): wpcom_rest_api_v2_load_plugin_files('wpcom-endpoints...')
#4 /home/sneeze7/public_html/wp-includes/class-wp-hook.php(307): load_wpcom_rest_api_v2_plugin_files('')
#5 /home/sneeze7/public_html/wp-includes/class-w in /home/sneeze7/public_html/wp-content/plugins/jetpack/_inc/lib/core-api/wpcom-endpoints/class-wpcom-rest-api-v2-endpoint-search.php on line 30

2022-08-10T03:25:55+00:00 CRITICAL Uncaught Error: Class 'Automattic\Jetpack\Search\REST_Controller' not found in /home/sneeze7/public_html/wp-content/plugins/jetpack/_inc/lib/core-api/wpcom-endpoints/class-wpcom-rest-api-v2-endpoint-search.php:30
Stack trace:
#0 /home/sneeze7/public_html/wp-content/plugins/jetpack/_inc/lib/core-api/load-wpcom-endpoints.php(32): WPCOM_REST_API_V2_Endpoint_Search->__construct()
#1 /home/sneeze7/public_html/wp-content/plugins/jetpack/_inc/lib/core-api/wpcom-endpoints/class-wpcom-rest-api-v2-endpoint-search.php(51): wpcom_rest_api_v2_load_plugin('WPCOM_REST_API_...')
#2 /home/sneeze7/public_html/wp-content/plugins/jetpack/_inc/lib/core-api/load-wpcom-endpoints.php(19): require_once('/home/sneeze7/p...')
#3 /home/sneeze7/public_html/wp-content/plugins/jetpack/_inc/lib/core-api/load-wpcom-endpoints.php(42): wpcom_rest_api_v2_load_plugin_files('wpcom-endpoints...')
#4 /home/sneeze7/public_html/wp-includes/class-wp-hook.php(307): load_wpcom_rest_api_v2_plugin_files('')
#5 /home/sneeze7/public_html/wp-includes/class-w in /home/sneeze7/public_html/wp-content/plugins/jetpack/_inc/lib/core-api/wpcom-endpoints/class-wpcom-rest-api-v2-endpoint-search.php on line 30

2022-08-10T04:40:21+00:00 CRITICAL Uncaught Error: Class 'Automattic\Jetpack\Search\REST_Controller' not found in /home/sneeze7/public_html/wp-content/plugins/jetpack/_inc/lib/core-api/wpcom-endpoints/class-wpcom-rest-api-v2-endpoint-search.php:30
Stack trace:
#0 /home/sneeze7/public_html/wp-content/plugins/jetpack/_inc/lib/core-api/load-wpcom-endpoints.php(32): WPCOM_REST_API_V2_Endpoint_Search->__construct()
#1 /home/sneeze7/public_html/wp-content/plugins/jetpack/_inc/lib/core-api/wpcom-endpoints/class-wpcom-rest-api-v2-endpoint-search.php(51): wpcom_rest_api_v2_load_plugin('WPCOM_REST_API_...')
#2 /home/sneeze7/public_html/wp-content/plugins/jetpack/_inc/lib/core-api/load-wpcom-endpoints.php(19): require_once('/home/sneeze7/p...')
#3 /home/sneeze7/public_html/wp-content/plugins/jetpack/_inc/lib/core-api/load-wpcom-endpoints.php(42): wpcom_rest_api_v2_load_plugin_files('wpcom-endpoints...')
#4 /home/sneeze7/public_html/wp-includes/class-wp-hook.php(307): load_wpcom_rest_api_v2_plugin_files('')
#5 /home/sneeze7/public_html/wp-includes/class-w in /home/sneeze7/public_html/wp-content/plugins/jetpack/_inc/lib/core-api/wpcom-endpoints/class-wpcom-rest-api-v2-endpoint-search.php on line 30

2022-08-10T11:29:00+00:00 CRITICAL Uncaught Error: Class 'Automattic\Jetpack\Search\REST_Controller' not found in /home/sneeze7/public_html/wp-content/plugins/jetpack/_inc/lib/core-api/wpcom-endpoints/class-wpcom-rest-api-v2-endpoint-search.php:30
Stack trace:
#0 /home/sneeze7/public_html/wp-content/plugins/jetpack/_inc/lib/core-api/load-wpcom-endpoints.php(32): WPCOM_REST_API_V2_Endpoint_Search->__construct()
#1 /home/sneeze7/public_html/wp-content/plugins/jetpack/_inc/lib/core-api/wpcom-endpoints/class-wpcom-rest-api-v2-endpoint-search.php(51): wpcom_rest_api_v2_load_plugin('WPCOM_REST_API_...')
#2 /home/sneeze7/public_html/wp-content/plugins/jetpack/_inc/lib/core-api/load-wpcom-endpoints.php(19): require_once('/home/sneeze7/p...')
#3 /home/sneeze7/public_html/wp-content/plugins/jetpack/_inc/lib/core-api/load-wpcom-endpoints.php(42): wpcom_rest_api_v2_load_plugin_files('wpcom-endpoints...')
#4 /home/sneeze7/public_html/wp-includes/class-wp-hook.php(307): load_wpcom_rest_api_v2_plugin_files('')
#5 /home/sneeze7/public_html/wp-includes/class-w in /home/sneeze7/public_html/wp-content/plugins/jetpack/_inc/lib/core-api/wpcom-endpoints/class-wpcom-rest-api-v2-endpoint-search.php on line 30

2022-08-10T12:38:10+00:00 CRITICAL Uncaught Error: Class 'Automattic\Jetpack\Search\REST_Controller' not found in /home/sneeze7/public_html/wp-content/plugins/jetpack/_inc/lib/core-api/wpcom-endpoints/class-wpcom-rest-api-v2-endpoint-search.php:30
Stack trace:
#0 /home/sneeze7/public_html/wp-content/plugins/jetpack/_inc/lib/core-api/load-wpcom-endpoints.php(32): WPCOM_REST_API_V2_Endpoint_Search->__construct()
#1 /home/sneeze7/public_html/wp-content/plugins/jetpack/_inc/lib/core-api/wpcom-endpoints/class-wpcom-rest-api-v2-endpoint-search.php(51): wpcom_rest_api_v2_load_plugin('WPCOM_REST_API_...')
#2 /home/sneeze7/public_html/wp-content/plugins/jetpack/_inc/lib/core-api/load-wpcom-endpoints.php(19): require_once('/home/sneeze7/p...')
#3 /home/sneeze7/public_html/wp-content/plugins/jetpack/_inc/lib/core-api/load-wpcom-endpoints.php(42): wpcom_rest_api_v2_load_plugin_files('wpcom-endpoints...')
#4 /home/sneeze7/public_html/wp-includes/class-wp-hook.php(307): load_wpcom_rest_api_v2_plugin_files('')
#5 /home/sneeze7/public_html/wp-includes/class-w in /home/sneeze7/public_html/wp-content/plugins/jetpack/_inc/lib/core-api/wpcom-endpoints/class-wpcom-rest-api-v2-endpoint-search.php on line 30

2022-08-10T15:07:05+00:00 CRITICAL Uncaught Error: Class 'Automattic\Jetpack\Search\REST_Controller' not found in /home/sneeze7/public_html/wp-content/plugins/jetpack/_inc/lib/core-api/wpcom-endpoints/class-wpcom-rest-api-v2-endpoint-search.php:30
Stack trace:
#0 /home/sneeze7/public_html/wp-content/plugins/jetpack/_inc/lib/core-api/load-wpcom-endpoints.php(32): WPCOM_REST_API_V2_Endpoint_Search->__construct()
#1 /home/sneeze7/public_html/wp-content/plugins/jetpack/_inc/lib/core-api/wpcom-endpoints/class-wpcom-rest-api-v2-endpoint-search.php(51): wpcom_rest_api_v2_load_plugin('WPCOM_REST_API_...')
#2 /home/sneeze7/public_html/wp-content/plugins/jetpack/_inc/lib/core-api/load-wpcom-endpoints.php(19): require_once('/home/sneeze7/p...')
#3 /home/sneeze7/public_html/wp-content/plugins/jetpack/_inc/lib/core-api/load-wpcom-endpoints.php(42): wpcom_rest_api_v2_load_plugin_files('wpcom-endpoints...')
#4 /home/sneeze7/public_html/wp-includes/class-wp-hook.php(307): load_wpcom_rest_api_v2_plugin_files('')
#5 /home/sneeze7/public_html/wp-includes/class-w in /home/sneeze7/public_html/wp-content/plugins/jetpack/_inc/lib/core-api/wpcom-endpoints/class-wpcom-rest-api-v2-endpoint-search.php on line 30

2022-08-10T18:10:13+00:00 CRITICAL Uncaught Error: Class 'Automattic\Jetpack\Search\REST_Controller' not found in /home/sneeze7/public_html/wp-content/plugins/jetpack/_inc/lib/core-api/wpcom-endpoints/class-wpcom-rest-api-v2-endpoint-search.php:30
Stack trace:
#0 /home/sneeze7/public_html/wp-content/plugins/jetpack/_inc/lib/core-api/load-wpcom-endpoints.php(32): WPCOM_REST_API_V2_Endpoint_Search->__construct()
#1 /home/sneeze7/public_html/wp-content/plugins/jetpack/_inc/lib/core-api/wpcom-endpoints/class-wpcom-rest-api-v2-endpoint-search.php(51): wpcom_rest_api_v2_load_plugin('WPCOM_REST_API_...')
#2 /home/sneeze7/public_html/wp-content/plugins/jetpack/_inc/lib/core-api/load-wpcom-endpoints.php(19): require_once('/home/sneeze7/p...')
#3 /home/sneeze7/public_html/wp-content/plugins/jetpack/_inc/lib/core-api/load-wpcom-endpoints.php(42): wpcom_rest_api_v2_load_plugin_files('wpcom-endpoints...')
#4 /home/sneeze7/public_html/wp-includes/class-wp-hook.php(307): load_wpcom_rest_api_v2_plugin_files('')
#5 /home/sneeze7/public_html/wp-includes/class-w in /home/sneeze7/public_html/wp-content/plugins/jetpack/_inc/lib/core-api/wpcom-endpoints/class-wpcom-rest-api-v2-endpoint-search.php on line 30

2022-08-10T19:25:03+00:00 CRITICAL Uncaught Error: Class 'Automattic\Jetpack\Search\REST_Controller' not found in /home/sneeze7/public_html/wp-content/plugins/jetpack/_inc/lib/core-api/wpcom-endpoints/class-wpcom-rest-api-v2-endpoint-search.php:30
Stack trace:
#0 /home/sneeze7/public_html/wp-content/plugins/jetpack/_inc/lib/core-api/load-wpcom-endpoints.php(32): WPCOM_REST_API_V2_Endpoint_Search->__construct()
#1 /home/sneeze7/public_html/wp-content/plugins/jetpack/_inc/lib/core-api/wpcom-endpoints/class-wpcom-rest-api-v2-endpoint-search.php(51): wpcom_rest_api_v2_load_plugin('WPCOM_REST_API_...')
#2 /home/sneeze7/public_html/wp-content/plugins/jetpack/_inc/lib/core-api/load-wpcom-endpoints.php(19): require_once('/home/sneeze7/p...')
#3 /home/sneeze7/public_html/wp-content/plugins/jetpack/_inc/lib/core-api/load-wpcom-endpoints.php(42): wpcom_rest_api_v2_load_plugin_files('wpcom-endpoints...')
#4 /home/sneeze7/public_html/wp-includes/class-wp-hook.php(307): load_wpcom_rest_api_v2_plugin_files('')
#5 /home/sneeze7/public_html/wp-includes/class-w in /home/sneeze7/public_html/wp-content/plugins/jetpack/_inc/lib/core-api/wpcom-endpoints/class-wpcom-rest-api-v2-endpoint-search.php on line 30

2022-08-10T23:41:45+00:00 CRITICAL Uncaught Error: Class 'Automattic\Jetpack\Search\REST_Controller' not found in /home/sneeze7/public_html/wp-content/plugins/jetpack/_inc/lib/core-api/wpcom-endpoints/class-wpcom-rest-api-v2-endpoint-search.php:30
Stack trace:
#0 /home/sneeze7/public_html/wp-content/plugins/jetpack/_inc/lib/core-api/load-wpcom-endpoints.php(32): WPCOM_REST_API_V2_Endpoint_Search->__construct()
#1 /home/sneeze7/public_html/wp-content/plugins/jetpack/_inc/lib/core-api/wpcom-endpoints/class-wpcom-rest-api-v2-endpoint-search.php(51): wpcom_rest_api_v2_load_plugin('WPCOM_REST_API_...')
#2 /home/sneeze7/public_html/wp-content/plugins/jetpack/_inc/lib/core-api/load-wpcom-endpoints.php(19): require_once('/home/sneeze7/p...')
#3 /home/sneeze7/public_html/wp-content/plugins/jetpack/_inc/lib/core-api/load-wpcom-endpoints.php(42): wpcom_rest_api_v2_load_plugin_files('wpcom-endpoints...')
#4 /home/sneeze7/public_html/wp-includes/class-wp-hook.php(307): load_wpcom_rest_api_v2_plugin_files('')
#5 /home/sneeze7/public_html/wp-includes/class-w in /home/sneeze7/public_html/wp-content/plugins/jetpack/_inc/lib/core-api/wpcom-endpoints/class-wpcom-rest-api-v2-endpoint-search.php on line 30

2022-08-10T23:56:57+00:00 CRITICAL Uncaught Error: Class 'Automattic\Jetpack\Search\REST_Controller' not found in /home/sneeze7/public_html/wp-content/plugins/jetpack/_inc/lib/core-api/wpcom-endpoints/class-wpcom-rest-api-v2-endpoint-search.php:30
Stack trace:
#0 /home/sneeze7/public_html/wp-content/plugins/jetpack/_inc/lib/core-api/load-wpcom-endpoints.php(32): WPCOM_REST_API_V2_Endpoint_Search->__construct()
#1 /home/sneeze7/public_html/wp-content/plugins/jetpack/_inc/lib/core-api/wpcom-endpoints/class-wpcom-rest-api-v2-endpoint-search.php(51): wpcom_rest_api_v2_load_plugin('WPCOM_REST_API_...')
#2 /home/sneeze7/public_html/wp-content/plugins/jetpack/_inc/lib/core-api/load-wpcom-endpoints.php(19): require_once('/home/sneeze7/p...')
#3 /home/sneeze7/public_html/wp-content/plugins/jetpack/_inc/lib/core-api/load-wpcom-endpoints.php(42): wpcom_rest_api_v2_load_plugin_files('wpcom-endpoints...')
#4 /home/sneeze7/public_html/wp-includes/class-wp-hook.php(307): load_wpcom_rest_api_v2_plugin_files('')
#5 /home/sneeze7/public_html/wp-includes/class-w in /home/sneeze7/public_html/wp-content/plugins/jetpack/_inc/lib/core-api/wpcom-endpoints/class-wpcom-rest-api-v2-endpoint-search.php on line 30

