2022-08-16T00:10:27+00:00 CRITICAL Uncaught Error: Class 'Automattic\Jetpack\Search\REST_Controller' not found in /home/sneeze7/public_html/wp-content/plugins/jetpack/_inc/lib/core-api/wpcom-endpoints/class-wpcom-rest-api-v2-endpoint-search.php:30
Stack trace:
#0 /home/sneeze7/public_html/wp-content/plugins/jetpack/_inc/lib/core-api/load-wpcom-endpoints.php(32): WPCOM_REST_API_V2_Endpoint_Search->__construct()
#1 /home/sneeze7/public_html/wp-content/plugins/jetpack/_inc/lib/core-api/wpcom-endpoints/class-wpcom-rest-api-v2-endpoint-search.php(51): wpcom_rest_api_v2_load_plugin('WPCOM_REST_API_...')
#2 /home/sneeze7/public_html/wp-content/plugins/jetpack/_inc/lib/core-api/load-wpcom-endpoints.php(19): require_once('/home/sneeze7/p...')
#3 /home/sneeze7/public_html/wp-content/plugins/jetpack/_inc/lib/core-api/load-wpcom-endpoints.php(42): wpcom_rest_api_v2_load_plugin_files('wpcom-endpoints...')
#4 /home/sneeze7/public_html/wp-includes/class-wp-hook.php(307): load_wpcom_rest_api_v2_plugin_files('')
#5 /home/sneeze7/public_html/wp-includes/class-w in /home/sneeze7/public_html/wp-content/plugins/jetpack/_inc/lib/core-api/wpcom-endpoints/class-wpcom-rest-api-v2-endpoint-search.php on line 30

2022-08-16T00:24:17+00:00 CRITICAL Uncaught Error: Class 'Automattic\Jetpack\Search\REST_Controller' not found in /home/sneeze7/public_html/wp-content/plugins/jetpack/_inc/lib/core-api/wpcom-endpoints/class-wpcom-rest-api-v2-endpoint-search.php:30
Stack trace:
#0 /home/sneeze7/public_html/wp-content/plugins/jetpack/_inc/lib/core-api/load-wpcom-endpoints.php(32): WPCOM_REST_API_V2_Endpoint_Search->__construct()
#1 /home/sneeze7/public_html/wp-content/plugins/jetpack/_inc/lib/core-api/wpcom-endpoints/class-wpcom-rest-api-v2-endpoint-search.php(51): wpcom_rest_api_v2_load_plugin('WPCOM_REST_API_...')
#2 /home/sneeze7/public_html/wp-content/plugins/jetpack/_inc/lib/core-api/load-wpcom-endpoints.php(19): require_once('/home/sneeze7/p...')
#3 /home/sneeze7/public_html/wp-content/plugins/jetpack/_inc/lib/core-api/load-wpcom-endpoints.php(42): wpcom_rest_api_v2_load_plugin_files('wpcom-endpoints...')
#4 /home/sneeze7/public_html/wp-includes/class-wp-hook.php(307): load_wpcom_rest_api_v2_plugin_files('')
#5 /home/sneeze7/public_html/wp-includes/class-w in /home/sneeze7/public_html/wp-content/plugins/jetpack/_inc/lib/core-api/wpcom-endpoints/class-wpcom-rest-api-v2-endpoint-search.php on line 30

2022-08-16T00:24:24+00:00 CRITICAL Uncaught Error: Class 'Automattic\Jetpack\Search\REST_Controller' not found in /home/sneeze7/public_html/wp-content/plugins/jetpack/_inc/lib/core-api/wpcom-endpoints/class-wpcom-rest-api-v2-endpoint-search.php:30
Stack trace:
#0 /home/sneeze7/public_html/wp-content/plugins/jetpack/_inc/lib/core-api/load-wpcom-endpoints.php(32): WPCOM_REST_API_V2_Endpoint_Search->__construct()
#1 /home/sneeze7/public_html/wp-content/plugins/jetpack/_inc/lib/core-api/wpcom-endpoints/class-wpcom-rest-api-v2-endpoint-search.php(51): wpcom_rest_api_v2_load_plugin('WPCOM_REST_API_...')
#2 /home/sneeze7/public_html/wp-content/plugins/jetpack/_inc/lib/core-api/load-wpcom-endpoints.php(19): require_once('/home/sneeze7/p...')
#3 /home/sneeze7/public_html/wp-content/plugins/jetpack/_inc/lib/core-api/load-wpcom-endpoints.php(42): wpcom_rest_api_v2_load_plugin_files('wpcom-endpoints...')
#4 /home/sneeze7/public_html/wp-includes/class-wp-hook.php(307): load_wpcom_rest_api_v2_plugin_files('')
#5 /home/sneeze7/public_html/wp-includes/class-w in /home/sneeze7/public_html/wp-content/plugins/jetpack/_inc/lib/core-api/wpcom-endpoints/class-wpcom-rest-api-v2-endpoint-search.php on line 30

2022-08-16T00:35:51+00:00 CRITICAL Uncaught Error: Class 'Automattic\Jetpack\Search\REST_Controller' not found in /home/sneeze7/public_html/wp-content/plugins/jetpack/_inc/lib/core-api/wpcom-endpoints/class-wpcom-rest-api-v2-endpoint-search.php:30
Stack trace:
#0 /home/sneeze7/public_html/wp-content/plugins/jetpack/_inc/lib/core-api/load-wpcom-endpoints.php(32): WPCOM_REST_API_V2_Endpoint_Search->__construct()
#1 /home/sneeze7/public_html/wp-content/plugins/jetpack/_inc/lib/core-api/wpcom-endpoints/class-wpcom-rest-api-v2-endpoint-search.php(51): wpcom_rest_api_v2_load_plugin('WPCOM_REST_API_...')
#2 /home/sneeze7/public_html/wp-content/plugins/jetpack/_inc/lib/core-api/load-wpcom-endpoints.php(19): require_once('/home/sneeze7/p...')
#3 /home/sneeze7/public_html/wp-content/plugins/jetpack/_inc/lib/core-api/load-wpcom-endpoints.php(42): wpcom_rest_api_v2_load_plugin_files('wpcom-endpoints...')
#4 /home/sneeze7/public_html/wp-includes/class-wp-hook.php(307): load_wpcom_rest_api_v2_plugin_files('')
#5 /home/sneeze7/public_html/wp-includes/class-w in /home/sneeze7/public_html/wp-content/plugins/jetpack/_inc/lib/core-api/wpcom-endpoints/class-wpcom-rest-api-v2-endpoint-search.php on line 30

2022-08-16T00:35:51+00:00 CRITICAL Uncaught Error: Class 'Automattic\Jetpack\Search\REST_Controller' not found in /home/sneeze7/public_html/wp-content/plugins/jetpack/_inc/lib/core-api/wpcom-endpoints/class-wpcom-rest-api-v2-endpoint-search.php:30
Stack trace:
#0 /home/sneeze7/public_html/wp-content/plugins/jetpack/_inc/lib/core-api/load-wpcom-endpoints.php(32): WPCOM_REST_API_V2_Endpoint_Search->__construct()
#1 /home/sneeze7/public_html/wp-content/plugins/jetpack/_inc/lib/core-api/wpcom-endpoints/class-wpcom-rest-api-v2-endpoint-search.php(51): wpcom_rest_api_v2_load_plugin('WPCOM_REST_API_...')
#2 /home/sneeze7/public_html/wp-content/plugins/jetpack/_inc/lib/core-api/load-wpcom-endpoints.php(19): require_once('/home/sneeze7/p...')
#3 /home/sneeze7/public_html/wp-content/plugins/jetpack/_inc/lib/core-api/load-wpcom-endpoints.php(42): wpcom_rest_api_v2_load_plugin_files('wpcom-endpoints...')
#4 /home/sneeze7/public_html/wp-includes/class-wp-hook.php(307): load_wpcom_rest_api_v2_plugin_files('')
#5 /home/sneeze7/public_html/wp-includes/class-w in /home/sneeze7/public_html/wp-content/plugins/jetpack/_inc/lib/core-api/wpcom-endpoints/class-wpcom-rest-api-v2-endpoint-search.php on line 30

2022-08-16T01:03:05+00:00 CRITICAL Uncaught Error: Class 'Automattic\Jetpack\Search\REST_Controller' not found in /home/sneeze7/public_html/wp-content/plugins/jetpack/_inc/lib/core-api/wpcom-endpoints/class-wpcom-rest-api-v2-endpoint-search.php:30
Stack trace:
#0 /home/sneeze7/public_html/wp-content/plugins/jetpack/_inc/lib/core-api/load-wpcom-endpoints.php(32): WPCOM_REST_API_V2_Endpoint_Search->__construct()
#1 /home/sneeze7/public_html/wp-content/plugins/jetpack/_inc/lib/core-api/wpcom-endpoints/class-wpcom-rest-api-v2-endpoint-search.php(51): wpcom_rest_api_v2_load_plugin('WPCOM_REST_API_...')
#2 /home/sneeze7/public_html/wp-content/plugins/jetpack/_inc/lib/core-api/load-wpcom-endpoints.php(19): require_once('/home/sneeze7/p...')
#3 /home/sneeze7/public_html/wp-content/plugins/jetpack/_inc/lib/core-api/load-wpcom-endpoints.php(42): wpcom_rest_api_v2_load_plugin_files('wpcom-endpoints...')
#4 /home/sneeze7/public_html/wp-includes/class-wp-hook.php(307): load_wpcom_rest_api_v2_plugin_files('')
#5 /home/sneeze7/public_html/wp-includes/class-w in /home/sneeze7/public_html/wp-content/plugins/jetpack/_inc/lib/core-api/wpcom-endpoints/class-wpcom-rest-api-v2-endpoint-search.php on line 30

2022-08-16T01:08:17+00:00 CRITICAL Uncaught Error: Class 'Automattic\Jetpack\Search\REST_Controller' not found in /home/sneeze7/public_html/wp-content/plugins/jetpack/_inc/lib/core-api/wpcom-endpoints/class-wpcom-rest-api-v2-endpoint-search.php:30
Stack trace:
#0 /home/sneeze7/public_html/wp-content/plugins/jetpack/_inc/lib/core-api/load-wpcom-endpoints.php(32): WPCOM_REST_API_V2_Endpoint_Search->__construct()
#1 /home/sneeze7/public_html/wp-content/plugins/jetpack/_inc/lib/core-api/wpcom-endpoints/class-wpcom-rest-api-v2-endpoint-search.php(51): wpcom_rest_api_v2_load_plugin('WPCOM_REST_API_...')
#2 /home/sneeze7/public_html/wp-content/plugins/jetpack/_inc/lib/core-api/load-wpcom-endpoints.php(19): require_once('/home/sneeze7/p...')
#3 /home/sneeze7/public_html/wp-content/plugins/jetpack/_inc/lib/core-api/load-wpcom-endpoints.php(42): wpcom_rest_api_v2_load_plugin_files('wpcom-endpoints...')
#4 /home/sneeze7/public_html/wp-includes/class-wp-hook.php(307): load_wpcom_rest_api_v2_plugin_files('')
#5 /home/sneeze7/public_html/wp-includes/class-w in /home/sneeze7/public_html/wp-content/plugins/jetpack/_inc/lib/core-api/wpcom-endpoints/class-wpcom-rest-api-v2-endpoint-search.php on line 30

2022-08-16T01:09:44+00:00 CRITICAL Uncaught Error: Class 'Automattic\Jetpack\Search\REST_Controller' not found in /home/sneeze7/public_html/wp-content/plugins/jetpack/_inc/lib/core-api/wpcom-endpoints/class-wpcom-rest-api-v2-endpoint-search.php:30
Stack trace:
#0 /home/sneeze7/public_html/wp-content/plugins/jetpack/_inc/lib/core-api/load-wpcom-endpoints.php(32): WPCOM_REST_API_V2_Endpoint_Search->__construct()
#1 /home/sneeze7/public_html/wp-content/plugins/jetpack/_inc/lib/core-api/wpcom-endpoints/class-wpcom-rest-api-v2-endpoint-search.php(51): wpcom_rest_api_v2_load_plugin('WPCOM_REST_API_...')
#2 /home/sneeze7/public_html/wp-content/plugins/jetpack/_inc/lib/core-api/load-wpcom-endpoints.php(19): require_once('/home/sneeze7/p...')
#3 /home/sneeze7/public_html/wp-content/plugins/jetpack/_inc/lib/core-api/load-wpcom-endpoints.php(42): wpcom_rest_api_v2_load_plugin_files('wpcom-endpoints...')
#4 /home/sneeze7/public_html/wp-includes/class-wp-hook.php(307): load_wpcom_rest_api_v2_plugin_files('')
#5 /home/sneeze7/public_html/wp-includes/class-w in /home/sneeze7/public_html/wp-content/plugins/jetpack/_inc/lib/core-api/wpcom-endpoints/class-wpcom-rest-api-v2-endpoint-search.php on line 30

2022-08-16T01:11:25+00:00 CRITICAL Uncaught Error: Class 'Automattic\Jetpack\Search\REST_Controller' not found in /home/sneeze7/public_html/wp-content/plugins/jetpack/_inc/lib/core-api/wpcom-endpoints/class-wpcom-rest-api-v2-endpoint-search.php:30
Stack trace:
#0 /home/sneeze7/public_html/wp-content/plugins/jetpack/_inc/lib/core-api/load-wpcom-endpoints.php(32): WPCOM_REST_API_V2_Endpoint_Search->__construct()
#1 /home/sneeze7/public_html/wp-content/plugins/jetpack/_inc/lib/core-api/wpcom-endpoints/class-wpcom-rest-api-v2-endpoint-search.php(51): wpcom_rest_api_v2_load_plugin('WPCOM_REST_API_...')
#2 /home/sneeze7/public_html/wp-content/plugins/jetpack/_inc/lib/core-api/load-wpcom-endpoints.php(19): require_once('/home/sneeze7/p...')
#3 /home/sneeze7/public_html/wp-content/plugins/jetpack/_inc/lib/core-api/load-wpcom-endpoints.php(42): wpcom_rest_api_v2_load_plugin_files('wpcom-endpoints...')
#4 /home/sneeze7/public_html/wp-includes/class-wp-hook.php(307): load_wpcom_rest_api_v2_plugin_files('')
#5 /home/sneeze7/public_html/wp-includes/class-w in /home/sneeze7/public_html/wp-content/plugins/jetpack/_inc/lib/core-api/wpcom-endpoints/class-wpcom-rest-api-v2-endpoint-search.php on line 30

2022-08-16T01:31:06+00:00 CRITICAL Uncaught Error: Class 'Automattic\Jetpack\Search\REST_Controller' not found in /home/sneeze7/public_html/wp-content/plugins/jetpack/_inc/lib/core-api/wpcom-endpoints/class-wpcom-rest-api-v2-endpoint-search.php:30
Stack trace:
#0 /home/sneeze7/public_html/wp-content/plugins/jetpack/_inc/lib/core-api/load-wpcom-endpoints.php(32): WPCOM_REST_API_V2_Endpoint_Search->__construct()
#1 /home/sneeze7/public_html/wp-content/plugins/jetpack/_inc/lib/core-api/wpcom-endpoints/class-wpcom-rest-api-v2-endpoint-search.php(51): wpcom_rest_api_v2_load_plugin('WPCOM_REST_API_...')
#2 /home/sneeze7/public_html/wp-content/plugins/jetpack/_inc/lib/core-api/load-wpcom-endpoints.php(19): require_once('/home/sneeze7/p...')
#3 /home/sneeze7/public_html/wp-content/plugins/jetpack/_inc/lib/core-api/load-wpcom-endpoints.php(42): wpcom_rest_api_v2_load_plugin_files('wpcom-endpoints...')
#4 /home/sneeze7/public_html/wp-includes/class-wp-hook.php(307): load_wpcom_rest_api_v2_plugin_files('')
#5 /home/sneeze7/public_html/wp-includes/class-w in /home/sneeze7/public_html/wp-content/plugins/jetpack/_inc/lib/core-api/wpcom-endpoints/class-wpcom-rest-api-v2-endpoint-search.php on line 30

2022-08-16T01:41:48+00:00 CRITICAL Uncaught Error: Class 'Automattic\Jetpack\Search\REST_Controller' not found in /home/sneeze7/public_html/wp-content/plugins/jetpack/_inc/lib/core-api/wpcom-endpoints/class-wpcom-rest-api-v2-endpoint-search.php:30
Stack trace:
#0 /home/sneeze7/public_html/wp-content/plugins/jetpack/_inc/lib/core-api/load-wpcom-endpoints.php(32): WPCOM_REST_API_V2_Endpoint_Search->__construct()
#1 /home/sneeze7/public_html/wp-content/plugins/jetpack/_inc/lib/core-api/wpcom-endpoints/class-wpcom-rest-api-v2-endpoint-search.php(51): wpcom_rest_api_v2_load_plugin('WPCOM_REST_API_...')
#2 /home/sneeze7/public_html/wp-content/plugins/jetpack/_inc/lib/core-api/load-wpcom-endpoints.php(19): require_once('/home/sneeze7/p...')
#3 /home/sneeze7/public_html/wp-content/plugins/jetpack/_inc/lib/core-api/load-wpcom-endpoints.php(42): wpcom_rest_api_v2_load_plugin_files('wpcom-endpoints...')
#4 /home/sneeze7/public_html/wp-includes/class-wp-hook.php(307): load_wpcom_rest_api_v2_plugin_files('')
#5 /home/sneeze7/public_html/wp-includes/class-w in /home/sneeze7/public_html/wp-content/plugins/jetpack/_inc/lib/core-api/wpcom-endpoints/class-wpcom-rest-api-v2-endpoint-search.php on line 30

2022-08-16T02:07:45+00:00 CRITICAL Uncaught Error: Class 'Automattic\Jetpack\Search\REST_Controller' not found in /home/sneeze7/public_html/wp-content/plugins/jetpack/_inc/lib/core-api/wpcom-endpoints/class-wpcom-rest-api-v2-endpoint-search.php:30
Stack trace:
#0 /home/sneeze7/public_html/wp-content/plugins/jetpack/_inc/lib/core-api/load-wpcom-endpoints.php(32): WPCOM_REST_API_V2_Endpoint_Search->__construct()
#1 /home/sneeze7/public_html/wp-content/plugins/jetpack/_inc/lib/core-api/wpcom-endpoints/class-wpcom-rest-api-v2-endpoint-search.php(51): wpcom_rest_api_v2_load_plugin('WPCOM_REST_API_...')
#2 /home/sneeze7/public_html/wp-content/plugins/jetpack/_inc/lib/core-api/load-wpcom-endpoints.php(19): require_once('/home/sneeze7/p...')
#3 /home/sneeze7/public_html/wp-content/plugins/jetpack/_inc/lib/core-api/load-wpcom-endpoints.php(42): wpcom_rest_api_v2_load_plugin_files('wpcom-endpoints...')
#4 /home/sneeze7/public_html/wp-includes/class-wp-hook.php(307): load_wpcom_rest_api_v2_plugin_files('')
#5 /home/sneeze7/public_html/wp-includes/class-w in /home/sneeze7/public_html/wp-content/plugins/jetpack/_inc/lib/core-api/wpcom-endpoints/class-wpcom-rest-api-v2-endpoint-search.php on line 30

2022-08-16T02:11:53+00:00 CRITICAL Uncaught Error: Class 'Automattic\Jetpack\Search\REST_Controller' not found in /home/sneeze7/public_html/wp-content/plugins/jetpack/_inc/lib/core-api/wpcom-endpoints/class-wpcom-rest-api-v2-endpoint-search.php:30
Stack trace:
#0 /home/sneeze7/public_html/wp-content/plugins/jetpack/_inc/lib/core-api/load-wpcom-endpoints.php(32): WPCOM_REST_API_V2_Endpoint_Search->__construct()
#1 /home/sneeze7/public_html/wp-content/plugins/jetpack/_inc/lib/core-api/wpcom-endpoints/class-wpcom-rest-api-v2-endpoint-search.php(51): wpcom_rest_api_v2_load_plugin('WPCOM_REST_API_...')
#2 /home/sneeze7/public_html/wp-content/plugins/jetpack/_inc/lib/core-api/load-wpcom-endpoints.php(19): require_once('/home/sneeze7/p...')
#3 /home/sneeze7/public_html/wp-content/plugins/jetpack/_inc/lib/core-api/load-wpcom-endpoints.php(42): wpcom_rest_api_v2_load_plugin_files('wpcom-endpoints...')
#4 /home/sneeze7/public_html/wp-includes/class-wp-hook.php(307): load_wpcom_rest_api_v2_plugin_files('')
#5 /home/sneeze7/public_html/wp-includes/class-w in /home/sneeze7/public_html/wp-content/plugins/jetpack/_inc/lib/core-api/wpcom-endpoints/class-wpcom-rest-api-v2-endpoint-search.php on line 30

2022-08-16T02:14:03+00:00 CRITICAL Uncaught Error: Class 'Automattic\Jetpack\Search\REST_Controller' not found in /home/sneeze7/public_html/wp-content/plugins/jetpack/_inc/lib/core-api/wpcom-endpoints/class-wpcom-rest-api-v2-endpoint-search.php:30
Stack trace:
#0 /home/sneeze7/public_html/wp-content/plugins/jetpack/_inc/lib/core-api/load-wpcom-endpoints.php(32): WPCOM_REST_API_V2_Endpoint_Search->__construct()
#1 /home/sneeze7/public_html/wp-content/plugins/jetpack/_inc/lib/core-api/wpcom-endpoints/class-wpcom-rest-api-v2-endpoint-search.php(51): wpcom_rest_api_v2_load_plugin('WPCOM_REST_API_...')
#2 /home/sneeze7/public_html/wp-content/plugins/jetpack/_inc/lib/core-api/load-wpcom-endpoints.php(19): require_once('/home/sneeze7/p...')
#3 /home/sneeze7/public_html/wp-content/plugins/jetpack/_inc/lib/core-api/load-wpcom-endpoints.php(42): wpcom_rest_api_v2_load_plugin_files('wpcom-endpoints...')
#4 /home/sneeze7/public_html/wp-includes/class-wp-hook.php(307): load_wpcom_rest_api_v2_plugin_files('')
#5 /home/sneeze7/public_html/wp-includes/class-w in /home/sneeze7/public_html/wp-content/plugins/jetpack/_inc/lib/core-api/wpcom-endpoints/class-wpcom-rest-api-v2-endpoint-search.php on line 30

2022-08-16T02:21:41+00:00 CRITICAL Uncaught Error: Class 'Automattic\Jetpack\Search\REST_Controller' not found in /home/sneeze7/public_html/wp-content/plugins/jetpack/_inc/lib/core-api/wpcom-endpoints/class-wpcom-rest-api-v2-endpoint-search.php:30
Stack trace:
#0 /home/sneeze7/public_html/wp-content/plugins/jetpack/_inc/lib/core-api/load-wpcom-endpoints.php(32): WPCOM_REST_API_V2_Endpoint_Search->__construct()
#1 /home/sneeze7/public_html/wp-content/plugins/jetpack/_inc/lib/core-api/wpcom-endpoints/class-wpcom-rest-api-v2-endpoint-search.php(51): wpcom_rest_api_v2_load_plugin('WPCOM_REST_API_...')
#2 /home/sneeze7/public_html/wp-content/plugins/jetpack/_inc/lib/core-api/load-wpcom-endpoints.php(19): require_once('/home/sneeze7/p...')
#3 /home/sneeze7/public_html/wp-content/plugins/jetpack/_inc/lib/core-api/load-wpcom-endpoints.php(42): wpcom_rest_api_v2_load_plugin_files('wpcom-endpoints...')
#4 /home/sneeze7/public_html/wp-includes/class-wp-hook.php(307): load_wpcom_rest_api_v2_plugin_files('')
#5 /home/sneeze7/public_html/wp-includes/class-w in /home/sneeze7/public_html/wp-content/plugins/jetpack/_inc/lib/core-api/wpcom-endpoints/class-wpcom-rest-api-v2-endpoint-search.php on line 30

2022-08-16T02:48:21+00:00 CRITICAL Uncaught Error: Class 'Automattic\Jetpack\Search\REST_Controller' not found in /home/sneeze7/public_html/wp-content/plugins/jetpack/_inc/lib/core-api/wpcom-endpoints/class-wpcom-rest-api-v2-endpoint-search.php:30
Stack trace:
#0 /home/sneeze7/public_html/wp-content/plugins/jetpack/_inc/lib/core-api/load-wpcom-endpoints.php(32): WPCOM_REST_API_V2_Endpoint_Search->__construct()
#1 /home/sneeze7/public_html/wp-content/plugins/jetpack/_inc/lib/core-api/wpcom-endpoints/class-wpcom-rest-api-v2-endpoint-search.php(51): wpcom_rest_api_v2_load_plugin('WPCOM_REST_API_...')
#2 /home/sneeze7/public_html/wp-content/plugins/jetpack/_inc/lib/core-api/load-wpcom-endpoints.php(19): require_once('/home/sneeze7/p...')
#3 /home/sneeze7/public_html/wp-content/plugins/jetpack/_inc/lib/core-api/load-wpcom-endpoints.php(42): wpcom_rest_api_v2_load_plugin_files('wpcom-endpoints...')
#4 /home/sneeze7/public_html/wp-includes/class-wp-hook.php(307): load_wpcom_rest_api_v2_plugin_files('')
#5 /home/sneeze7/public_html/wp-includes/class-w in /home/sneeze7/public_html/wp-content/plugins/jetpack/_inc/lib/core-api/wpcom-endpoints/class-wpcom-rest-api-v2-endpoint-search.php on line 30

2022-08-16T02:53:11+00:00 CRITICAL Uncaught Error: Class 'Automattic\Jetpack\Search\REST_Controller' not found in /home/sneeze7/public_html/wp-content/plugins/jetpack/_inc/lib/core-api/wpcom-endpoints/class-wpcom-rest-api-v2-endpoint-search.php:30
Stack trace:
#0 /home/sneeze7/public_html/wp-content/plugins/jetpack/_inc/lib/core-api/load-wpcom-endpoints.php(32): WPCOM_REST_API_V2_Endpoint_Search->__construct()
#1 /home/sneeze7/public_html/wp-content/plugins/jetpack/_inc/lib/core-api/wpcom-endpoints/class-wpcom-rest-api-v2-endpoint-search.php(51): wpcom_rest_api_v2_load_plugin('WPCOM_REST_API_...')
#2 /home/sneeze7/public_html/wp-content/plugins/jetpack/_inc/lib/core-api/load-wpcom-endpoints.php(19): require_once('/home/sneeze7/p...')
#3 /home/sneeze7/public_html/wp-content/plugins/jetpack/_inc/lib/core-api/load-wpcom-endpoints.php(42): wpcom_rest_api_v2_load_plugin_files('wpcom-endpoints...')
#4 /home/sneeze7/public_html/wp-includes/class-wp-hook.php(307): load_wpcom_rest_api_v2_plugin_files('')
#5 /home/sneeze7/public_html/wp-includes/class-w in /home/sneeze7/public_html/wp-content/plugins/jetpack/_inc/lib/core-api/wpcom-endpoints/class-wpcom-rest-api-v2-endpoint-search.php on line 30

2022-08-16T03:20:43+00:00 CRITICAL Uncaught Error: Class 'Automattic\Jetpack\Search\REST_Controller' not found in /home/sneeze7/public_html/wp-content/plugins/jetpack/_inc/lib/core-api/wpcom-endpoints/class-wpcom-rest-api-v2-endpoint-search.php:30
Stack trace:
#0 /home/sneeze7/public_html/wp-content/plugins/jetpack/_inc/lib/core-api/load-wpcom-endpoints.php(32): WPCOM_REST_API_V2_Endpoint_Search->__construct()
#1 /home/sneeze7/public_html/wp-content/plugins/jetpack/_inc/lib/core-api/wpcom-endpoints/class-wpcom-rest-api-v2-endpoint-search.php(51): wpcom_rest_api_v2_load_plugin('WPCOM_REST_API_...')
#2 /home/sneeze7/public_html/wp-content/plugins/jetpack/_inc/lib/core-api/load-wpcom-endpoints.php(19): require_once('/home/sneeze7/p...')
#3 /home/sneeze7/public_html/wp-content/plugins/jetpack/_inc/lib/core-api/load-wpcom-endpoints.php(42): wpcom_rest_api_v2_load_plugin_files('wpcom-endpoints...')
#4 /home/sneeze7/public_html/wp-includes/class-wp-hook.php(307): load_wpcom_rest_api_v2_plugin_files('')
#5 /home/sneeze7/public_html/wp-includes/class-w in /home/sneeze7/public_html/wp-content/plugins/jetpack/_inc/lib/core-api/wpcom-endpoints/class-wpcom-rest-api-v2-endpoint-search.php on line 30

2022-08-16T03:20:45+00:00 CRITICAL Uncaught Error: Class 'Automattic\Jetpack\Search\REST_Controller' not found in /home/sneeze7/public_html/wp-content/plugins/jetpack/_inc/lib/core-api/wpcom-endpoints/class-wpcom-rest-api-v2-endpoint-search.php:30
Stack trace:
#0 /home/sneeze7/public_html/wp-content/plugins/jetpack/_inc/lib/core-api/load-wpcom-endpoints.php(32): WPCOM_REST_API_V2_Endpoint_Search->__construct()
#1 /home/sneeze7/public_html/wp-content/plugins/jetpack/_inc/lib/core-api/wpcom-endpoints/class-wpcom-rest-api-v2-endpoint-search.php(51): wpcom_rest_api_v2_load_plugin('WPCOM_REST_API_...')
#2 /home/sneeze7/public_html/wp-content/plugins/jetpack/_inc/lib/core-api/load-wpcom-endpoints.php(19): require_once('/home/sneeze7/p...')
#3 /home/sneeze7/public_html/wp-content/plugins/jetpack/_inc/lib/core-api/load-wpcom-endpoints.php(42): wpcom_rest_api_v2_load_plugin_files('wpcom-endpoints...')
#4 /home/sneeze7/public_html/wp-includes/class-wp-hook.php(307): load_wpcom_rest_api_v2_plugin_files('')
#5 /home/sneeze7/public_html/wp-includes/class-w in /home/sneeze7/public_html/wp-content/plugins/jetpack/_inc/lib/core-api/wpcom-endpoints/class-wpcom-rest-api-v2-endpoint-search.php on line 30

2022-08-16T03:33:20+00:00 CRITICAL Uncaught Error: Class 'Automattic\Jetpack\Search\REST_Controller' not found in /home/sneeze7/public_html/wp-content/plugins/jetpack/_inc/lib/core-api/wpcom-endpoints/class-wpcom-rest-api-v2-endpoint-search.php:30
Stack trace:
#0 /home/sneeze7/public_html/wp-content/plugins/jetpack/_inc/lib/core-api/load-wpcom-endpoints.php(32): WPCOM_REST_API_V2_Endpoint_Search->__construct()
#1 /home/sneeze7/public_html/wp-content/plugins/jetpack/_inc/lib/core-api/wpcom-endpoints/class-wpcom-rest-api-v2-endpoint-search.php(51): wpcom_rest_api_v2_load_plugin('WPCOM_REST_API_...')
#2 /home/sneeze7/public_html/wp-content/plugins/jetpack/_inc/lib/core-api/load-wpcom-endpoints.php(19): require_once('/home/sneeze7/p...')
#3 /home/sneeze7/public_html/wp-content/plugins/jetpack/_inc/lib/core-api/load-wpcom-endpoints.php(42): wpcom_rest_api_v2_load_plugin_files('wpcom-endpoints...')
#4 /home/sneeze7/public_html/wp-includes/class-wp-hook.php(307): load_wpcom_rest_api_v2_plugin_files('')
#5 /home/sneeze7/public_html/wp-includes/class-w in /home/sneeze7/public_html/wp-content/plugins/jetpack/_inc/lib/core-api/wpcom-endpoints/class-wpcom-rest-api-v2-endpoint-search.php on line 30

2022-08-16T03:42:26+00:00 CRITICAL Uncaught Error: Class 'Automattic\Jetpack\Search\REST_Controller' not found in /home/sneeze7/public_html/wp-content/plugins/jetpack/_inc/lib/core-api/wpcom-endpoints/class-wpcom-rest-api-v2-endpoint-search.php:30
Stack trace:
#0 /home/sneeze7/public_html/wp-content/plugins/jetpack/_inc/lib/core-api/load-wpcom-endpoints.php(32): WPCOM_REST_API_V2_Endpoint_Search->__construct()
#1 /home/sneeze7/public_html/wp-content/plugins/jetpack/_inc/lib/core-api/wpcom-endpoints/class-wpcom-rest-api-v2-endpoint-search.php(51): wpcom_rest_api_v2_load_plugin('WPCOM_REST_API_...')
#2 /home/sneeze7/public_html/wp-content/plugins/jetpack/_inc/lib/core-api/load-wpcom-endpoints.php(19): require_once('/home/sneeze7/p...')
#3 /home/sneeze7/public_html/wp-content/plugins/jetpack/_inc/lib/core-api/load-wpcom-endpoints.php(42): wpcom_rest_api_v2_load_plugin_files('wpcom-endpoints...')
#4 /home/sneeze7/public_html/wp-includes/class-wp-hook.php(307): load_wpcom_rest_api_v2_plugin_files('')
#5 /home/sneeze7/public_html/wp-includes/class-w in /home/sneeze7/public_html/wp-content/plugins/jetpack/_inc/lib/core-api/wpcom-endpoints/class-wpcom-rest-api-v2-endpoint-search.php on line 30

2022-08-16T03:54:41+00:00 CRITICAL Uncaught Error: Class 'Automattic\Jetpack\Search\REST_Controller' not found in /home/sneeze7/public_html/wp-content/plugins/jetpack/_inc/lib/core-api/wpcom-endpoints/class-wpcom-rest-api-v2-endpoint-search.php:30
Stack trace:
#0 /home/sneeze7/public_html/wp-content/plugins/jetpack/_inc/lib/core-api/load-wpcom-endpoints.php(32): WPCOM_REST_API_V2_Endpoint_Search->__construct()
#1 /home/sneeze7/public_html/wp-content/plugins/jetpack/_inc/lib/core-api/wpcom-endpoints/class-wpcom-rest-api-v2-endpoint-search.php(51): wpcom_rest_api_v2_load_plugin('WPCOM_REST_API_...')
#2 /home/sneeze7/public_html/wp-content/plugins/jetpack/_inc/lib/core-api/load-wpcom-endpoints.php(19): require_once('/home/sneeze7/p...')
#3 /home/sneeze7/public_html/wp-content/plugins/jetpack/_inc/lib/core-api/load-wpcom-endpoints.php(42): wpcom_rest_api_v2_load_plugin_files('wpcom-endpoints...')
#4 /home/sneeze7/public_html/wp-includes/class-wp-hook.php(307): load_wpcom_rest_api_v2_plugin_files('')
#5 /home/sneeze7/public_html/wp-includes/class-w in /home/sneeze7/public_html/wp-content/plugins/jetpack/_inc/lib/core-api/wpcom-endpoints/class-wpcom-rest-api-v2-endpoint-search.php on line 30

2022-08-16T04:04:48+00:00 CRITICAL Uncaught Error: Class 'Automattic\Jetpack\Search\REST_Controller' not found in /home/sneeze7/public_html/wp-content/plugins/jetpack/_inc/lib/core-api/wpcom-endpoints/class-wpcom-rest-api-v2-endpoint-search.php:30
Stack trace:
#0 /home/sneeze7/public_html/wp-content/plugins/jetpack/_inc/lib/core-api/load-wpcom-endpoints.php(32): WPCOM_REST_API_V2_Endpoint_Search->__construct()
#1 /home/sneeze7/public_html/wp-content/plugins/jetpack/_inc/lib/core-api/wpcom-endpoints/class-wpcom-rest-api-v2-endpoint-search.php(51): wpcom_rest_api_v2_load_plugin('WPCOM_REST_API_...')
#2 /home/sneeze7/public_html/wp-content/plugins/jetpack/_inc/lib/core-api/load-wpcom-endpoints.php(19): require_once('/home/sneeze7/p...')
#3 /home/sneeze7/public_html/wp-content/plugins/jetpack/_inc/lib/core-api/load-wpcom-endpoints.php(42): wpcom_rest_api_v2_load_plugin_files('wpcom-endpoints...')
#4 /home/sneeze7/public_html/wp-includes/class-wp-hook.php(307): load_wpcom_rest_api_v2_plugin_files('')
#5 /home/sneeze7/public_html/wp-includes/class-w in /home/sneeze7/public_html/wp-content/plugins/jetpack/_inc/lib/core-api/wpcom-endpoints/class-wpcom-rest-api-v2-endpoint-search.php on line 30

2022-08-16T04:05:43+00:00 CRITICAL Uncaught Error: Class 'Automattic\Jetpack\Search\REST_Controller' not found in /home/sneeze7/public_html/wp-content/plugins/jetpack/_inc/lib/core-api/wpcom-endpoints/class-wpcom-rest-api-v2-endpoint-search.php:30
Stack trace:
#0 /home/sneeze7/public_html/wp-content/plugins/jetpack/_inc/lib/core-api/load-wpcom-endpoints.php(32): WPCOM_REST_API_V2_Endpoint_Search->__construct()
#1 /home/sneeze7/public_html/wp-content/plugins/jetpack/_inc/lib/core-api/wpcom-endpoints/class-wpcom-rest-api-v2-endpoint-search.php(51): wpcom_rest_api_v2_load_plugin('WPCOM_REST_API_...')
#2 /home/sneeze7/public_html/wp-content/plugins/jetpack/_inc/lib/core-api/load-wpcom-endpoints.php(19): require_once('/home/sneeze7/p...')
#3 /home/sneeze7/public_html/wp-content/plugins/jetpack/_inc/lib/core-api/load-wpcom-endpoints.php(42): wpcom_rest_api_v2_load_plugin_files('wpcom-endpoints...')
#4 /home/sneeze7/public_html/wp-includes/class-wp-hook.php(307): load_wpcom_rest_api_v2_plugin_files('')
#5 /home/sneeze7/public_html/wp-includes/class-w in /home/sneeze7/public_html/wp-content/plugins/jetpack/_inc/lib/core-api/wpcom-endpoints/class-wpcom-rest-api-v2-endpoint-search.php on line 30

2022-08-16T04:05:46+00:00 CRITICAL Uncaught Error: Class 'Automattic\Jetpack\Search\REST_Controller' not found in /home/sneeze7/public_html/wp-content/plugins/jetpack/_inc/lib/core-api/wpcom-endpoints/class-wpcom-rest-api-v2-endpoint-search.php:30
Stack trace:
#0 /home/sneeze7/public_html/wp-content/plugins/jetpack/_inc/lib/core-api/load-wpcom-endpoints.php(32): WPCOM_REST_API_V2_Endpoint_Search->__construct()
#1 /home/sneeze7/public_html/wp-content/plugins/jetpack/_inc/lib/core-api/wpcom-endpoints/class-wpcom-rest-api-v2-endpoint-search.php(51): wpcom_rest_api_v2_load_plugin('WPCOM_REST_API_...')
#2 /home/sneeze7/public_html/wp-content/plugins/jetpack/_inc/lib/core-api/load-wpcom-endpoints.php(19): require_once('/home/sneeze7/p...')
#3 /home/sneeze7/public_html/wp-content/plugins/jetpack/_inc/lib/core-api/load-wpcom-endpoints.php(42): wpcom_rest_api_v2_load_plugin_files('wpcom-endpoints...')
#4 /home/sneeze7/public_html/wp-includes/class-wp-hook.php(307): load_wpcom_rest_api_v2_plugin_files('')
#5 /home/sneeze7/public_html/wp-includes/class-w in /home/sneeze7/public_html/wp-content/plugins/jetpack/_inc/lib/core-api/wpcom-endpoints/class-wpcom-rest-api-v2-endpoint-search.php on line 30

2022-08-16T04:21:56+00:00 CRITICAL Uncaught Error: Class 'Automattic\Jetpack\Search\REST_Controller' not found in /home/sneeze7/public_html/wp-content/plugins/jetpack/_inc/lib/core-api/wpcom-endpoints/class-wpcom-rest-api-v2-endpoint-search.php:30
Stack trace:
#0 /home/sneeze7/public_html/wp-content/plugins/jetpack/_inc/lib/core-api/load-wpcom-endpoints.php(32): WPCOM_REST_API_V2_Endpoint_Search->__construct()
#1 /home/sneeze7/public_html/wp-content/plugins/jetpack/_inc/lib/core-api/wpcom-endpoints/class-wpcom-rest-api-v2-endpoint-search.php(51): wpcom_rest_api_v2_load_plugin('WPCOM_REST_API_...')
#2 /home/sneeze7/public_html/wp-content/plugins/jetpack/_inc/lib/core-api/load-wpcom-endpoints.php(19): require_once('/home/sneeze7/p...')
#3 /home/sneeze7/public_html/wp-content/plugins/jetpack/_inc/lib/core-api/load-wpcom-endpoints.php(42): wpcom_rest_api_v2_load_plugin_files('wpcom-endpoints...')
#4 /home/sneeze7/public_html/wp-includes/class-wp-hook.php(307): load_wpcom_rest_api_v2_plugin_files('')
#5 /home/sneeze7/public_html/wp-includes/class-w in /home/sneeze7/public_html/wp-content/plugins/jetpack/_inc/lib/core-api/wpcom-endpoints/class-wpcom-rest-api-v2-endpoint-search.php on line 30

2022-08-16T05:43:53+00:00 CRITICAL Uncaught Error: Class 'Automattic\Jetpack\Search\REST_Controller' not found in /home/sneeze7/public_html/wp-content/plugins/jetpack/_inc/lib/core-api/wpcom-endpoints/class-wpcom-rest-api-v2-endpoint-search.php:30
Stack trace:
#0 /home/sneeze7/public_html/wp-content/plugins/jetpack/_inc/lib/core-api/load-wpcom-endpoints.php(32): WPCOM_REST_API_V2_Endpoint_Search->__construct()
#1 /home/sneeze7/public_html/wp-content/plugins/jetpack/_inc/lib/core-api/wpcom-endpoints/class-wpcom-rest-api-v2-endpoint-search.php(51): wpcom_rest_api_v2_load_plugin('WPCOM_REST_API_...')
#2 /home/sneeze7/public_html/wp-content/plugins/jetpack/_inc/lib/core-api/load-wpcom-endpoints.php(19): require_once('/home/sneeze7/p...')
#3 /home/sneeze7/public_html/wp-content/plugins/jetpack/_inc/lib/core-api/load-wpcom-endpoints.php(42): wpcom_rest_api_v2_load_plugin_files('wpcom-endpoints...')
#4 /home/sneeze7/public_html/wp-includes/class-wp-hook.php(307): load_wpcom_rest_api_v2_plugin_files('')
#5 /home/sneeze7/public_html/wp-includes/class-w in /home/sneeze7/public_html/wp-content/plugins/jetpack/_inc/lib/core-api/wpcom-endpoints/class-wpcom-rest-api-v2-endpoint-search.php on line 30

2022-08-16T05:51:04+00:00 CRITICAL Uncaught Error: Class 'Automattic\Jetpack\Search\REST_Controller' not found in /home/sneeze7/public_html/wp-content/plugins/jetpack/_inc/lib/core-api/wpcom-endpoints/class-wpcom-rest-api-v2-endpoint-search.php:30
Stack trace:
#0 /home/sneeze7/public_html/wp-content/plugins/jetpack/_inc/lib/core-api/load-wpcom-endpoints.php(32): WPCOM_REST_API_V2_Endpoint_Search->__construct()
#1 /home/sneeze7/public_html/wp-content/plugins/jetpack/_inc/lib/core-api/wpcom-endpoints/class-wpcom-rest-api-v2-endpoint-search.php(51): wpcom_rest_api_v2_load_plugin('WPCOM_REST_API_...')
#2 /home/sneeze7/public_html/wp-content/plugins/jetpack/_inc/lib/core-api/load-wpcom-endpoints.php(19): require_once('/home/sneeze7/p...')
#3 /home/sneeze7/public_html/wp-content/plugins/jetpack/_inc/lib/core-api/load-wpcom-endpoints.php(42): wpcom_rest_api_v2_load_plugin_files('wpcom-endpoints...')
#4 /home/sneeze7/public_html/wp-includes/class-wp-hook.php(307): load_wpcom_rest_api_v2_plugin_files('')
#5 /home/sneeze7/public_html/wp-includes/class-w in /home/sneeze7/public_html/wp-content/plugins/jetpack/_inc/lib/core-api/wpcom-endpoints/class-wpcom-rest-api-v2-endpoint-search.php on line 30

2022-08-16T06:04:00+00:00 CRITICAL Uncaught Error: Class 'Automattic\Jetpack\Search\REST_Controller' not found in /home/sneeze7/public_html/wp-content/plugins/jetpack/_inc/lib/core-api/wpcom-endpoints/class-wpcom-rest-api-v2-endpoint-search.php:30
Stack trace:
#0 /home/sneeze7/public_html/wp-content/plugins/jetpack/_inc/lib/core-api/load-wpcom-endpoints.php(32): WPCOM_REST_API_V2_Endpoint_Search->__construct()
#1 /home/sneeze7/public_html/wp-content/plugins/jetpack/_inc/lib/core-api/wpcom-endpoints/class-wpcom-rest-api-v2-endpoint-search.php(51): wpcom_rest_api_v2_load_plugin('WPCOM_REST_API_...')
#2 /home/sneeze7/public_html/wp-content/plugins/jetpack/_inc/lib/core-api/load-wpcom-endpoints.php(19): require_once('/home/sneeze7/p...')
#3 /home/sneeze7/public_html/wp-content/plugins/jetpack/_inc/lib/core-api/load-wpcom-endpoints.php(42): wpcom_rest_api_v2_load_plugin_files('wpcom-endpoints...')
#4 /home/sneeze7/public_html/wp-includes/class-wp-hook.php(307): load_wpcom_rest_api_v2_plugin_files('')
#5 /home/sneeze7/public_html/wp-includes/class-w in /home/sneeze7/public_html/wp-content/plugins/jetpack/_inc/lib/core-api/wpcom-endpoints/class-wpcom-rest-api-v2-endpoint-search.php on line 30

2022-08-16T06:04:01+00:00 CRITICAL Uncaught Error: Class 'Automattic\Jetpack\Search\REST_Controller' not found in /home/sneeze7/public_html/wp-content/plugins/jetpack/_inc/lib/core-api/wpcom-endpoints/class-wpcom-rest-api-v2-endpoint-search.php:30
Stack trace:
#0 /home/sneeze7/public_html/wp-content/plugins/jetpack/_inc/lib/core-api/load-wpcom-endpoints.php(32): WPCOM_REST_API_V2_Endpoint_Search->__construct()
#1 /home/sneeze7/public_html/wp-content/plugins/jetpack/_inc/lib/core-api/wpcom-endpoints/class-wpcom-rest-api-v2-endpoint-search.php(51): wpcom_rest_api_v2_load_plugin('WPCOM_REST_API_...')
#2 /home/sneeze7/public_html/wp-content/plugins/jetpack/_inc/lib/core-api/load-wpcom-endpoints.php(19): require_once('/home/sneeze7/p...')
#3 /home/sneeze7/public_html/wp-content/plugins/jetpack/_inc/lib/core-api/load-wpcom-endpoints.php(42): wpcom_rest_api_v2_load_plugin_files('wpcom-endpoints...')
#4 /home/sneeze7/public_html/wp-includes/class-wp-hook.php(307): load_wpcom_rest_api_v2_plugin_files('')
#5 /home/sneeze7/public_html/wp-includes/class-w in /home/sneeze7/public_html/wp-content/plugins/jetpack/_inc/lib/core-api/wpcom-endpoints/class-wpcom-rest-api-v2-endpoint-search.php on line 30

2022-08-16T06:04:02+00:00 CRITICAL Uncaught Error: Class 'Automattic\Jetpack\Search\REST_Controller' not found in /home/sneeze7/public_html/wp-content/plugins/jetpack/_inc/lib/core-api/wpcom-endpoints/class-wpcom-rest-api-v2-endpoint-search.php:30
Stack trace:
#0 /home/sneeze7/public_html/wp-content/plugins/jetpack/_inc/lib/core-api/load-wpcom-endpoints.php(32): WPCOM_REST_API_V2_Endpoint_Search->__construct()
#1 /home/sneeze7/public_html/wp-content/plugins/jetpack/_inc/lib/core-api/wpcom-endpoints/class-wpcom-rest-api-v2-endpoint-search.php(51): wpcom_rest_api_v2_load_plugin('WPCOM_REST_API_...')
#2 /home/sneeze7/public_html/wp-content/plugins/jetpack/_inc/lib/core-api/load-wpcom-endpoints.php(19): require_once('/home/sneeze7/p...')
#3 /home/sneeze7/public_html/wp-content/plugins/jetpack/_inc/lib/core-api/load-wpcom-endpoints.php(42): wpcom_rest_api_v2_load_plugin_files('wpcom-endpoints...')
#4 /home/sneeze7/public_html/wp-includes/class-wp-hook.php(307): load_wpcom_rest_api_v2_plugin_files('')
#5 /home/sneeze7/public_html/wp-includes/class-w in /home/sneeze7/public_html/wp-content/plugins/jetpack/_inc/lib/core-api/wpcom-endpoints/class-wpcom-rest-api-v2-endpoint-search.php on line 30

2022-08-16T06:04:03+00:00 CRITICAL Uncaught Error: Class 'Automattic\Jetpack\Search\REST_Controller' not found in /home/sneeze7/public_html/wp-content/plugins/jetpack/_inc/lib/core-api/wpcom-endpoints/class-wpcom-rest-api-v2-endpoint-search.php:30
Stack trace:
#0 /home/sneeze7/public_html/wp-content/plugins/jetpack/_inc/lib/core-api/load-wpcom-endpoints.php(32): WPCOM_REST_API_V2_Endpoint_Search->__construct()
#1 /home/sneeze7/public_html/wp-content/plugins/jetpack/_inc/lib/core-api/wpcom-endpoints/class-wpcom-rest-api-v2-endpoint-search.php(51): wpcom_rest_api_v2_load_plugin('WPCOM_REST_API_...')
#2 /home/sneeze7/public_html/wp-content/plugins/jetpack/_inc/lib/core-api/load-wpcom-endpoints.php(19): require_once('/home/sneeze7/p...')
#3 /home/sneeze7/public_html/wp-content/plugins/jetpack/_inc/lib/core-api/load-wpcom-endpoints.php(42): wpcom_rest_api_v2_load_plugin_files('wpcom-endpoints...')
#4 /home/sneeze7/public_html/wp-includes/class-wp-hook.php(307): load_wpcom_rest_api_v2_plugin_files('')
#5 /home/sneeze7/public_html/wp-includes/class-w in /home/sneeze7/public_html/wp-content/plugins/jetpack/_inc/lib/core-api/wpcom-endpoints/class-wpcom-rest-api-v2-endpoint-search.php on line 30

2022-08-16T06:05:17+00:00 CRITICAL Uncaught Error: Class 'Automattic\Jetpack\Search\REST_Controller' not found in /home/sneeze7/public_html/wp-content/plugins/jetpack/_inc/lib/core-api/wpcom-endpoints/class-wpcom-rest-api-v2-endpoint-search.php:30
Stack trace:
#0 /home/sneeze7/public_html/wp-content/plugins/jetpack/_inc/lib/core-api/load-wpcom-endpoints.php(32): WPCOM_REST_API_V2_Endpoint_Search->__construct()
#1 /home/sneeze7/public_html/wp-content/plugins/jetpack/_inc/lib/core-api/wpcom-endpoints/class-wpcom-rest-api-v2-endpoint-search.php(51): wpcom_rest_api_v2_load_plugin('WPCOM_REST_API_...')
#2 /home/sneeze7/public_html/wp-content/plugins/jetpack/_inc/lib/core-api/load-wpcom-endpoints.php(19): require_once('/home/sneeze7/p...')
#3 /home/sneeze7/public_html/wp-content/plugins/jetpack/_inc/lib/core-api/load-wpcom-endpoints.php(42): wpcom_rest_api_v2_load_plugin_files('wpcom-endpoints...')
#4 /home/sneeze7/public_html/wp-includes/class-wp-hook.php(307): load_wpcom_rest_api_v2_plugin_files('')
#5 /home/sneeze7/public_html/wp-includes/class-w in /home/sneeze7/public_html/wp-content/plugins/jetpack/_inc/lib/core-api/wpcom-endpoints/class-wpcom-rest-api-v2-endpoint-search.php on line 30

2022-08-16T06:28:58+00:00 CRITICAL Uncaught Error: Class 'Automattic\Jetpack\Search\REST_Controller' not found in /home/sneeze7/public_html/wp-content/plugins/jetpack/_inc/lib/core-api/wpcom-endpoints/class-wpcom-rest-api-v2-endpoint-search.php:30
Stack trace:
#0 /home/sneeze7/public_html/wp-content/plugins/jetpack/_inc/lib/core-api/load-wpcom-endpoints.php(32): WPCOM_REST_API_V2_Endpoint_Search->__construct()
#1 /home/sneeze7/public_html/wp-content/plugins/jetpack/_inc/lib/core-api/wpcom-endpoints/class-wpcom-rest-api-v2-endpoint-search.php(51): wpcom_rest_api_v2_load_plugin('WPCOM_REST_API_...')
#2 /home/sneeze7/public_html/wp-content/plugins/jetpack/_inc/lib/core-api/load-wpcom-endpoints.php(19): require_once('/home/sneeze7/p...')
#3 /home/sneeze7/public_html/wp-content/plugins/jetpack/_inc/lib/core-api/load-wpcom-endpoints.php(42): wpcom_rest_api_v2_load_plugin_files('wpcom-endpoints...')
#4 /home/sneeze7/public_html/wp-includes/class-wp-hook.php(307): load_wpcom_rest_api_v2_plugin_files('')
#5 /home/sneeze7/public_html/wp-includes/class-w in /home/sneeze7/public_html/wp-content/plugins/jetpack/_inc/lib/core-api/wpcom-endpoints/class-wpcom-rest-api-v2-endpoint-search.php on line 30

2022-08-16T06:50:00+00:00 CRITICAL Uncaught Error: Class 'Automattic\Jetpack\Search\REST_Controller' not found in /home/sneeze7/public_html/wp-content/plugins/jetpack/_inc/lib/core-api/wpcom-endpoints/class-wpcom-rest-api-v2-endpoint-search.php:30
Stack trace:
#0 /home/sneeze7/public_html/wp-content/plugins/jetpack/_inc/lib/core-api/load-wpcom-endpoints.php(32): WPCOM_REST_API_V2_Endpoint_Search->__construct()
#1 /home/sneeze7/public_html/wp-content/plugins/jetpack/_inc/lib/core-api/wpcom-endpoints/class-wpcom-rest-api-v2-endpoint-search.php(51): wpcom_rest_api_v2_load_plugin('WPCOM_REST_API_...')
#2 /home/sneeze7/public_html/wp-content/plugins/jetpack/_inc/lib/core-api/load-wpcom-endpoints.php(19): require_once('/home/sneeze7/p...')
#3 /home/sneeze7/public_html/wp-content/plugins/jetpack/_inc/lib/core-api/load-wpcom-endpoints.php(42): wpcom_rest_api_v2_load_plugin_files('wpcom-endpoints...')
#4 /home/sneeze7/public_html/wp-includes/class-wp-hook.php(307): load_wpcom_rest_api_v2_plugin_files('')
#5 /home/sneeze7/public_html/wp-includes/class-w in /home/sneeze7/public_html/wp-content/plugins/jetpack/_inc/lib/core-api/wpcom-endpoints/class-wpcom-rest-api-v2-endpoint-search.php on line 30

2022-08-16T06:59:49+00:00 CRITICAL Uncaught Error: Class 'Automattic\Jetpack\Search\REST_Controller' not found in /home/sneeze7/public_html/wp-content/plugins/jetpack/_inc/lib/core-api/wpcom-endpoints/class-wpcom-rest-api-v2-endpoint-search.php:30
Stack trace:
#0 /home/sneeze7/public_html/wp-content/plugins/jetpack/_inc/lib/core-api/load-wpcom-endpoints.php(32): WPCOM_REST_API_V2_Endpoint_Search->__construct()
#1 /home/sneeze7/public_html/wp-content/plugins/jetpack/_inc/lib/core-api/wpcom-endpoints/class-wpcom-rest-api-v2-endpoint-search.php(51): wpcom_rest_api_v2_load_plugin('WPCOM_REST_API_...')
#2 /home/sneeze7/public_html/wp-content/plugins/jetpack/_inc/lib/core-api/load-wpcom-endpoints.php(19): require_once('/home/sneeze7/p...')
#3 /home/sneeze7/public_html/wp-content/plugins/jetpack/_inc/lib/core-api/load-wpcom-endpoints.php(42): wpcom_rest_api_v2_load_plugin_files('wpcom-endpoints...')
#4 /home/sneeze7/public_html/wp-includes/class-wp-hook.php(307): load_wpcom_rest_api_v2_plugin_files('')
#5 /home/sneeze7/public_html/wp-includes/class-w in /home/sneeze7/public_html/wp-content/plugins/jetpack/_inc/lib/core-api/wpcom-endpoints/class-wpcom-rest-api-v2-endpoint-search.php on line 30

2022-08-16T07:00:01+00:00 CRITICAL Uncaught Error: Class 'Automattic\Jetpack\Search\REST_Controller' not found in /home/sneeze7/public_html/wp-content/plugins/jetpack/_inc/lib/core-api/wpcom-endpoints/class-wpcom-rest-api-v2-endpoint-search.php:30
Stack trace:
#0 /home/sneeze7/public_html/wp-content/plugins/jetpack/_inc/lib/core-api/load-wpcom-endpoints.php(32): WPCOM_REST_API_V2_Endpoint_Search->__construct()
#1 /home/sneeze7/public_html/wp-content/plugins/jetpack/_inc/lib/core-api/wpcom-endpoints/class-wpcom-rest-api-v2-endpoint-search.php(51): wpcom_rest_api_v2_load_plugin('WPCOM_REST_API_...')
#2 /home/sneeze7/public_html/wp-content/plugins/jetpack/_inc/lib/core-api/load-wpcom-endpoints.php(19): require_once('/home/sneeze7/p...')
#3 /home/sneeze7/public_html/wp-content/plugins/jetpack/_inc/lib/core-api/load-wpcom-endpoints.php(42): wpcom_rest_api_v2_load_plugin_files('wpcom-endpoints...')
#4 /home/sneeze7/public_html/wp-includes/class-wp-hook.php(307): load_wpcom_rest_api_v2_plugin_files('')
#5 /home/sneeze7/public_html/wp-includes/class-w in /home/sneeze7/public_html/wp-content/plugins/jetpack/_inc/lib/core-api/wpcom-endpoints/class-wpcom-rest-api-v2-endpoint-search.php on line 30

2022-08-16T07:14:01+00:00 CRITICAL Uncaught Error: Class 'Automattic\Jetpack\Search\REST_Controller' not found in /home/sneeze7/public_html/wp-content/plugins/jetpack/_inc/lib/core-api/wpcom-endpoints/class-wpcom-rest-api-v2-endpoint-search.php:30
Stack trace:
#0 /home/sneeze7/public_html/wp-content/plugins/jetpack/_inc/lib/core-api/load-wpcom-endpoints.php(32): WPCOM_REST_API_V2_Endpoint_Search->__construct()
#1 /home/sneeze7/public_html/wp-content/plugins/jetpack/_inc/lib/core-api/wpcom-endpoints/class-wpcom-rest-api-v2-endpoint-search.php(51): wpcom_rest_api_v2_load_plugin('WPCOM_REST_API_...')
#2 /home/sneeze7/public_html/wp-content/plugins/jetpack/_inc/lib/core-api/load-wpcom-endpoints.php(19): require_once('/home/sneeze7/p...')
#3 /home/sneeze7/public_html/wp-content/plugins/jetpack/_inc/lib/core-api/load-wpcom-endpoints.php(42): wpcom_rest_api_v2_load_plugin_files('wpcom-endpoints...')
#4 /home/sneeze7/public_html/wp-includes/class-wp-hook.php(307): load_wpcom_rest_api_v2_plugin_files('')
#5 /home/sneeze7/public_html/wp-includes/class-w in /home/sneeze7/public_html/wp-content/plugins/jetpack/_inc/lib/core-api/wpcom-endpoints/class-wpcom-rest-api-v2-endpoint-search.php on line 30

2022-08-16T07:17:16+00:00 CRITICAL Uncaught Error: Class 'Automattic\Jetpack\Search\REST_Controller' not found in /home/sneeze7/public_html/wp-content/plugins/jetpack/_inc/lib/core-api/wpcom-endpoints/class-wpcom-rest-api-v2-endpoint-search.php:30
Stack trace:
#0 /home/sneeze7/public_html/wp-content/plugins/jetpack/_inc/lib/core-api/load-wpcom-endpoints.php(32): WPCOM_REST_API_V2_Endpoint_Search->__construct()
#1 /home/sneeze7/public_html/wp-content/plugins/jetpack/_inc/lib/core-api/wpcom-endpoints/class-wpcom-rest-api-v2-endpoint-search.php(51): wpcom_rest_api_v2_load_plugin('WPCOM_REST_API_...')
#2 /home/sneeze7/public_html/wp-content/plugins/jetpack/_inc/lib/core-api/load-wpcom-endpoints.php(19): require_once('/home/sneeze7/p...')
#3 /home/sneeze7/public_html/wp-content/plugins/jetpack/_inc/lib/core-api/load-wpcom-endpoints.php(42): wpcom_rest_api_v2_load_plugin_files('wpcom-endpoints...')
#4 /home/sneeze7/public_html/wp-includes/class-wp-hook.php(307): load_wpcom_rest_api_v2_plugin_files('')
#5 /home/sneeze7/public_html/wp-includes/class-w in /home/sneeze7/public_html/wp-content/plugins/jetpack/_inc/lib/core-api/wpcom-endpoints/class-wpcom-rest-api-v2-endpoint-search.php on line 30

2022-08-16T07:17:43+00:00 CRITICAL Uncaught Error: Class 'Automattic\Jetpack\Search\REST_Controller' not found in /home/sneeze7/public_html/wp-content/plugins/jetpack/_inc/lib/core-api/wpcom-endpoints/class-wpcom-rest-api-v2-endpoint-search.php:30
Stack trace:
#0 /home/sneeze7/public_html/wp-content/plugins/jetpack/_inc/lib/core-api/load-wpcom-endpoints.php(32): WPCOM_REST_API_V2_Endpoint_Search->__construct()
#1 /home/sneeze7/public_html/wp-content/plugins/jetpack/_inc/lib/core-api/wpcom-endpoints/class-wpcom-rest-api-v2-endpoint-search.php(51): wpcom_rest_api_v2_load_plugin('WPCOM_REST_API_...')
#2 /home/sneeze7/public_html/wp-content/plugins/jetpack/_inc/lib/core-api/load-wpcom-endpoints.php(19): require_once('/home/sneeze7/p...')
#3 /home/sneeze7/public_html/wp-content/plugins/jetpack/_inc/lib/core-api/load-wpcom-endpoints.php(42): wpcom_rest_api_v2_load_plugin_files('wpcom-endpoints...')
#4 /home/sneeze7/public_html/wp-includes/class-wp-hook.php(307): load_wpcom_rest_api_v2_plugin_files('')
#5 /home/sneeze7/public_html/wp-includes/class-w in /home/sneeze7/public_html/wp-content/plugins/jetpack/_inc/lib/core-api/wpcom-endpoints/class-wpcom-rest-api-v2-endpoint-search.php on line 30

2022-08-16T07:44:26+00:00 CRITICAL Uncaught Error: Class 'Automattic\Jetpack\Search\REST_Controller' not found in /home/sneeze7/public_html/wp-content/plugins/jetpack/_inc/lib/core-api/wpcom-endpoints/class-wpcom-rest-api-v2-endpoint-search.php:30
Stack trace:
#0 /home/sneeze7/public_html/wp-content/plugins/jetpack/_inc/lib/core-api/load-wpcom-endpoints.php(32): WPCOM_REST_API_V2_Endpoint_Search->__construct()
#1 /home/sneeze7/public_html/wp-content/plugins/jetpack/_inc/lib/core-api/wpcom-endpoints/class-wpcom-rest-api-v2-endpoint-search.php(51): wpcom_rest_api_v2_load_plugin('WPCOM_REST_API_...')
#2 /home/sneeze7/public_html/wp-content/plugins/jetpack/_inc/lib/core-api/load-wpcom-endpoints.php(19): require_once('/home/sneeze7/p...')
#3 /home/sneeze7/public_html/wp-content/plugins/jetpack/_inc/lib/core-api/load-wpcom-endpoints.php(42): wpcom_rest_api_v2_load_plugin_files('wpcom-endpoints...')
#4 /home/sneeze7/public_html/wp-includes/class-wp-hook.php(307): load_wpcom_rest_api_v2_plugin_files('')
#5 /home/sneeze7/public_html/wp-includes/class-w in /home/sneeze7/public_html/wp-content/plugins/jetpack/_inc/lib/core-api/wpcom-endpoints/class-wpcom-rest-api-v2-endpoint-search.php on line 30

2022-08-16T07:53:30+00:00 CRITICAL Uncaught Error: Class 'Automattic\Jetpack\Search\REST_Controller' not found in /home/sneeze7/public_html/wp-content/plugins/jetpack/_inc/lib/core-api/wpcom-endpoints/class-wpcom-rest-api-v2-endpoint-search.php:30
Stack trace:
#0 /home/sneeze7/public_html/wp-content/plugins/jetpack/_inc/lib/core-api/load-wpcom-endpoints.php(32): WPCOM_REST_API_V2_Endpoint_Search->__construct()
#1 /home/sneeze7/public_html/wp-content/plugins/jetpack/_inc/lib/core-api/wpcom-endpoints/class-wpcom-rest-api-v2-endpoint-search.php(51): wpcom_rest_api_v2_load_plugin('WPCOM_REST_API_...')
#2 /home/sneeze7/public_html/wp-content/plugins/jetpack/_inc/lib/core-api/load-wpcom-endpoints.php(19): require_once('/home/sneeze7/p...')
#3 /home/sneeze7/public_html/wp-content/plugins/jetpack/_inc/lib/core-api/load-wpcom-endpoints.php(42): wpcom_rest_api_v2_load_plugin_files('wpcom-endpoints...')
#4 /home/sneeze7/public_html/wp-includes/class-wp-hook.php(307): load_wpcom_rest_api_v2_plugin_files('')
#5 /home/sneeze7/public_html/wp-includes/class-w in /home/sneeze7/public_html/wp-content/plugins/jetpack/_inc/lib/core-api/wpcom-endpoints/class-wpcom-rest-api-v2-endpoint-search.php on line 30

2022-08-16T07:55:25+00:00 CRITICAL Uncaught Error: Class 'Automattic\Jetpack\Search\REST_Controller' not found in /home/sneeze7/public_html/wp-content/plugins/jetpack/_inc/lib/core-api/wpcom-endpoints/class-wpcom-rest-api-v2-endpoint-search.php:30
Stack trace:
#0 /home/sneeze7/public_html/wp-content/plugins/jetpack/_inc/lib/core-api/load-wpcom-endpoints.php(32): WPCOM_REST_API_V2_Endpoint_Search->__construct()
#1 /home/sneeze7/public_html/wp-content/plugins/jetpack/_inc/lib/core-api/wpcom-endpoints/class-wpcom-rest-api-v2-endpoint-search.php(51): wpcom_rest_api_v2_load_plugin('WPCOM_REST_API_...')
#2 /home/sneeze7/public_html/wp-content/plugins/jetpack/_inc/lib/core-api/load-wpcom-endpoints.php(19): require_once('/home/sneeze7/p...')
#3 /home/sneeze7/public_html/wp-content/plugins/jetpack/_inc/lib/core-api/load-wpcom-endpoints.php(42): wpcom_rest_api_v2_load_plugin_files('wpcom-endpoints...')
#4 /home/sneeze7/public_html/wp-includes/class-wp-hook.php(307): load_wpcom_rest_api_v2_plugin_files('')
#5 /home/sneeze7/public_html/wp-includes/class-w in /home/sneeze7/public_html/wp-content/plugins/jetpack/_inc/lib/core-api/wpcom-endpoints/class-wpcom-rest-api-v2-endpoint-search.php on line 30

2022-08-16T08:10:59+00:00 CRITICAL Uncaught Error: Class 'Automattic\Jetpack\Search\REST_Controller' not found in /home/sneeze7/public_html/wp-content/plugins/jetpack/_inc/lib/core-api/wpcom-endpoints/class-wpcom-rest-api-v2-endpoint-search.php:30
Stack trace:
#0 /home/sneeze7/public_html/wp-content/plugins/jetpack/_inc/lib/core-api/load-wpcom-endpoints.php(32): WPCOM_REST_API_V2_Endpoint_Search->__construct()
#1 /home/sneeze7/public_html/wp-content/plugins/jetpack/_inc/lib/core-api/wpcom-endpoints/class-wpcom-rest-api-v2-endpoint-search.php(51): wpcom_rest_api_v2_load_plugin('WPCOM_REST_API_...')
#2 /home/sneeze7/public_html/wp-content/plugins/jetpack/_inc/lib/core-api/load-wpcom-endpoints.php(19): require_once('/home/sneeze7/p...')
#3 /home/sneeze7/public_html/wp-content/plugins/jetpack/_inc/lib/core-api/load-wpcom-endpoints.php(42): wpcom_rest_api_v2_load_plugin_files('wpcom-endpoints...')
#4 /home/sneeze7/public_html/wp-includes/class-wp-hook.php(307): load_wpcom_rest_api_v2_plugin_files('')
#5 /home/sneeze7/public_html/wp-includes/class-w in /home/sneeze7/public_html/wp-content/plugins/jetpack/_inc/lib/core-api/wpcom-endpoints/class-wpcom-rest-api-v2-endpoint-search.php on line 30

2022-08-16T08:35:14+00:00 CRITICAL Uncaught Error: Class 'Automattic\Jetpack\Search\REST_Controller' not found in /home/sneeze7/public_html/wp-content/plugins/jetpack/_inc/lib/core-api/wpcom-endpoints/class-wpcom-rest-api-v2-endpoint-search.php:30
Stack trace:
#0 /home/sneeze7/public_html/wp-content/plugins/jetpack/_inc/lib/core-api/load-wpcom-endpoints.php(32): WPCOM_REST_API_V2_Endpoint_Search->__construct()
#1 /home/sneeze7/public_html/wp-content/plugins/jetpack/_inc/lib/core-api/wpcom-endpoints/class-wpcom-rest-api-v2-endpoint-search.php(51): wpcom_rest_api_v2_load_plugin('WPCOM_REST_API_...')
#2 /home/sneeze7/public_html/wp-content/plugins/jetpack/_inc/lib/core-api/load-wpcom-endpoints.php(19): require_once('/home/sneeze7/p...')
#3 /home/sneeze7/public_html/wp-content/plugins/jetpack/_inc/lib/core-api/load-wpcom-endpoints.php(42): wpcom_rest_api_v2_load_plugin_files('wpcom-endpoints...')
#4 /home/sneeze7/public_html/wp-includes/class-wp-hook.php(307): load_wpcom_rest_api_v2_plugin_files('')
#5 /home/sneeze7/public_html/wp-includes/class-w in /home/sneeze7/public_html/wp-content/plugins/jetpack/_inc/lib/core-api/wpcom-endpoints/class-wpcom-rest-api-v2-endpoint-search.php on line 30

2022-08-16T08:35:15+00:00 CRITICAL Uncaught Error: Class 'Automattic\Jetpack\Search\REST_Controller' not found in /home/sneeze7/public_html/wp-content/plugins/jetpack/_inc/lib/core-api/wpcom-endpoints/class-wpcom-rest-api-v2-endpoint-search.php:30
Stack trace:
#0 /home/sneeze7/public_html/wp-content/plugins/jetpack/_inc/lib/core-api/load-wpcom-endpoints.php(32): WPCOM_REST_API_V2_Endpoint_Search->__construct()
#1 /home/sneeze7/public_html/wp-content/plugins/jetpack/_inc/lib/core-api/wpcom-endpoints/class-wpcom-rest-api-v2-endpoint-search.php(51): wpcom_rest_api_v2_load_plugin('WPCOM_REST_API_...')
#2 /home/sneeze7/public_html/wp-content/plugins/jetpack/_inc/lib/core-api/load-wpcom-endpoints.php(19): require_once('/home/sneeze7/p...')
#3 /home/sneeze7/public_html/wp-content/plugins/jetpack/_inc/lib/core-api/load-wpcom-endpoints.php(42): wpcom_rest_api_v2_load_plugin_files('wpcom-endpoints...')
#4 /home/sneeze7/public_html/wp-includes/class-wp-hook.php(307): load_wpcom_rest_api_v2_plugin_files('')
#5 /home/sneeze7/public_html/wp-includes/class-w in /home/sneeze7/public_html/wp-content/plugins/jetpack/_inc/lib/core-api/wpcom-endpoints/class-wpcom-rest-api-v2-endpoint-search.php on line 30

2022-08-16T08:38:58+00:00 CRITICAL Uncaught Error: Class 'Automattic\Jetpack\Search\REST_Controller' not found in /home/sneeze7/public_html/wp-content/plugins/jetpack/_inc/lib/core-api/wpcom-endpoints/class-wpcom-rest-api-v2-endpoint-search.php:30
Stack trace:
#0 /home/sneeze7/public_html/wp-content/plugins/jetpack/_inc/lib/core-api/load-wpcom-endpoints.php(32): WPCOM_REST_API_V2_Endpoint_Search->__construct()
#1 /home/sneeze7/public_html/wp-content/plugins/jetpack/_inc/lib/core-api/wpcom-endpoints/class-wpcom-rest-api-v2-endpoint-search.php(51): wpcom_rest_api_v2_load_plugin('WPCOM_REST_API_...')
#2 /home/sneeze7/public_html/wp-content/plugins/jetpack/_inc/lib/core-api/load-wpcom-endpoints.php(19): require_once('/home/sneeze7/p...')
#3 /home/sneeze7/public_html/wp-content/plugins/jetpack/_inc/lib/core-api/load-wpcom-endpoints.php(42): wpcom_rest_api_v2_load_plugin_files('wpcom-endpoints...')
#4 /home/sneeze7/public_html/wp-includes/class-wp-hook.php(307): load_wpcom_rest_api_v2_plugin_files('')
#5 /home/sneeze7/public_html/wp-includes/class-w in /home/sneeze7/public_html/wp-content/plugins/jetpack/_inc/lib/core-api/wpcom-endpoints/class-wpcom-rest-api-v2-endpoint-search.php on line 30

2022-08-16T08:38:58+00:00 CRITICAL Uncaught Error: Class 'Automattic\Jetpack\Search\REST_Controller' not found in /home/sneeze7/public_html/wp-content/plugins/jetpack/_inc/lib/core-api/wpcom-endpoints/class-wpcom-rest-api-v2-endpoint-search.php:30
Stack trace:
#0 /home/sneeze7/public_html/wp-content/plugins/jetpack/_inc/lib/core-api/load-wpcom-endpoints.php(32): WPCOM_REST_API_V2_Endpoint_Search->__construct()
#1 /home/sneeze7/public_html/wp-content/plugins/jetpack/_inc/lib/core-api/wpcom-endpoints/class-wpcom-rest-api-v2-endpoint-search.php(51): wpcom_rest_api_v2_load_plugin('WPCOM_REST_API_...')
#2 /home/sneeze7/public_html/wp-content/plugins/jetpack/_inc/lib/core-api/load-wpcom-endpoints.php(19): require_once('/home/sneeze7/p...')
#3 /home/sneeze7/public_html/wp-content/plugins/jetpack/_inc/lib/core-api/load-wpcom-endpoints.php(42): wpcom_rest_api_v2_load_plugin_files('wpcom-endpoints...')
#4 /home/sneeze7/public_html/wp-includes/class-wp-hook.php(307): load_wpcom_rest_api_v2_plugin_files('')
#5 /home/sneeze7/public_html/wp-includes/class-w in /home/sneeze7/public_html/wp-content/plugins/jetpack/_inc/lib/core-api/wpcom-endpoints/class-wpcom-rest-api-v2-endpoint-search.php on line 30

2022-08-16T08:46:11+00:00 CRITICAL Uncaught Error: Class 'Automattic\Jetpack\Search\REST_Controller' not found in /home/sneeze7/public_html/wp-content/plugins/jetpack/_inc/lib/core-api/wpcom-endpoints/class-wpcom-rest-api-v2-endpoint-search.php:30
Stack trace:
#0 /home/sneeze7/public_html/wp-content/plugins/jetpack/_inc/lib/core-api/load-wpcom-endpoints.php(32): WPCOM_REST_API_V2_Endpoint_Search->__construct()
#1 /home/sneeze7/public_html/wp-content/plugins/jetpack/_inc/lib/core-api/wpcom-endpoints/class-wpcom-rest-api-v2-endpoint-search.php(51): wpcom_rest_api_v2_load_plugin('WPCOM_REST_API_...')
#2 /home/sneeze7/public_html/wp-content/plugins/jetpack/_inc/lib/core-api/load-wpcom-endpoints.php(19): require_once('/home/sneeze7/p...')
#3 /home/sneeze7/public_html/wp-content/plugins/jetpack/_inc/lib/core-api/load-wpcom-endpoints.php(42): wpcom_rest_api_v2_load_plugin_files('wpcom-endpoints...')
#4 /home/sneeze7/public_html/wp-includes/class-wp-hook.php(307): load_wpcom_rest_api_v2_plugin_files('')
#5 /home/sneeze7/public_html/wp-includes/class-w in /home/sneeze7/public_html/wp-content/plugins/jetpack/_inc/lib/core-api/wpcom-endpoints/class-wpcom-rest-api-v2-endpoint-search.php on line 30

2022-08-16T09:03:37+00:00 CRITICAL Uncaught Error: Class 'Automattic\Jetpack\Search\REST_Controller' not found in /home/sneeze7/public_html/wp-content/plugins/jetpack/_inc/lib/core-api/wpcom-endpoints/class-wpcom-rest-api-v2-endpoint-search.php:30
Stack trace:
#0 /home/sneeze7/public_html/wp-content/plugins/jetpack/_inc/lib/core-api/load-wpcom-endpoints.php(32): WPCOM_REST_API_V2_Endpoint_Search->__construct()
#1 /home/sneeze7/public_html/wp-content/plugins/jetpack/_inc/lib/core-api/wpcom-endpoints/class-wpcom-rest-api-v2-endpoint-search.php(51): wpcom_rest_api_v2_load_plugin('WPCOM_REST_API_...')
#2 /home/sneeze7/public_html/wp-content/plugins/jetpack/_inc/lib/core-api/load-wpcom-endpoints.php(19): require_once('/home/sneeze7/p...')
#3 /home/sneeze7/public_html/wp-content/plugins/jetpack/_inc/lib/core-api/load-wpcom-endpoints.php(42): wpcom_rest_api_v2_load_plugin_files('wpcom-endpoints...')
#4 /home/sneeze7/public_html/wp-includes/class-wp-hook.php(307): load_wpcom_rest_api_v2_plugin_files('')
#5 /home/sneeze7/public_html/wp-includes/class-w in /home/sneeze7/public_html/wp-content/plugins/jetpack/_inc/lib/core-api/wpcom-endpoints/class-wpcom-rest-api-v2-endpoint-search.php on line 30

2022-08-16T09:08:35+00:00 CRITICAL Uncaught Error: Class 'Automattic\Jetpack\Search\REST_Controller' not found in /home/sneeze7/public_html/wp-content/plugins/jetpack/_inc/lib/core-api/wpcom-endpoints/class-wpcom-rest-api-v2-endpoint-search.php:30
Stack trace:
#0 /home/sneeze7/public_html/wp-content/plugins/jetpack/_inc/lib/core-api/load-wpcom-endpoints.php(32): WPCOM_REST_API_V2_Endpoint_Search->__construct()
#1 /home/sneeze7/public_html/wp-content/plugins/jetpack/_inc/lib/core-api/wpcom-endpoints/class-wpcom-rest-api-v2-endpoint-search.php(51): wpcom_rest_api_v2_load_plugin('WPCOM_REST_API_...')
#2 /home/sneeze7/public_html/wp-content/plugins/jetpack/_inc/lib/core-api/load-wpcom-endpoints.php(19): require_once('/home/sneeze7/p...')
#3 /home/sneeze7/public_html/wp-content/plugins/jetpack/_inc/lib/core-api/load-wpcom-endpoints.php(42): wpcom_rest_api_v2_load_plugin_files('wpcom-endpoints...')
#4 /home/sneeze7/public_html/wp-includes/class-wp-hook.php(307): load_wpcom_rest_api_v2_plugin_files('')
#5 /home/sneeze7/public_html/wp-includes/class-w in /home/sneeze7/public_html/wp-content/plugins/jetpack/_inc/lib/core-api/wpcom-endpoints/class-wpcom-rest-api-v2-endpoint-search.php on line 30

2022-08-16T09:08:36+00:00 CRITICAL Uncaught Error: Class 'Automattic\Jetpack\Search\REST_Controller' not found in /home/sneeze7/public_html/wp-content/plugins/jetpack/_inc/lib/core-api/wpcom-endpoints/class-wpcom-rest-api-v2-endpoint-search.php:30
Stack trace:
#0 /home/sneeze7/public_html/wp-content/plugins/jetpack/_inc/lib/core-api/load-wpcom-endpoints.php(32): WPCOM_REST_API_V2_Endpoint_Search->__construct()
#1 /home/sneeze7/public_html/wp-content/plugins/jetpack/_inc/lib/core-api/wpcom-endpoints/class-wpcom-rest-api-v2-endpoint-search.php(51): wpcom_rest_api_v2_load_plugin('WPCOM_REST_API_...')
#2 /home/sneeze7/public_html/wp-content/plugins/jetpack/_inc/lib/core-api/load-wpcom-endpoints.php(19): require_once('/home/sneeze7/p...')
#3 /home/sneeze7/public_html/wp-content/plugins/jetpack/_inc/lib/core-api/load-wpcom-endpoints.php(42): wpcom_rest_api_v2_load_plugin_files('wpcom-endpoints...')
#4 /home/sneeze7/public_html/wp-includes/class-wp-hook.php(307): load_wpcom_rest_api_v2_plugin_files('')
#5 /home/sneeze7/public_html/wp-includes/class-w in /home/sneeze7/public_html/wp-content/plugins/jetpack/_inc/lib/core-api/wpcom-endpoints/class-wpcom-rest-api-v2-endpoint-search.php on line 30

2022-08-16T09:26:54+00:00 CRITICAL Uncaught Error: Class 'Automattic\Jetpack\Search\REST_Controller' not found in /home/sneeze7/public_html/wp-content/plugins/jetpack/_inc/lib/core-api/wpcom-endpoints/class-wpcom-rest-api-v2-endpoint-search.php:30
Stack trace:
#0 /home/sneeze7/public_html/wp-content/plugins/jetpack/_inc/lib/core-api/load-wpcom-endpoints.php(32): WPCOM_REST_API_V2_Endpoint_Search->__construct()
#1 /home/sneeze7/public_html/wp-content/plugins/jetpack/_inc/lib/core-api/wpcom-endpoints/class-wpcom-rest-api-v2-endpoint-search.php(51): wpcom_rest_api_v2_load_plugin('WPCOM_REST_API_...')
#2 /home/sneeze7/public_html/wp-content/plugins/jetpack/_inc/lib/core-api/load-wpcom-endpoints.php(19): require_once('/home/sneeze7/p...')
#3 /home/sneeze7/public_html/wp-content/plugins/jetpack/_inc/lib/core-api/load-wpcom-endpoints.php(42): wpcom_rest_api_v2_load_plugin_files('wpcom-endpoints...')
#4 /home/sneeze7/public_html/wp-includes/class-wp-hook.php(307): load_wpcom_rest_api_v2_plugin_files('')
#5 /home/sneeze7/public_html/wp-includes/class-w in /home/sneeze7/public_html/wp-content/plugins/jetpack/_inc/lib/core-api/wpcom-endpoints/class-wpcom-rest-api-v2-endpoint-search.php on line 30

2022-08-16T09:30:11+00:00 CRITICAL Uncaught Error: Class 'Automattic\Jetpack\Search\REST_Controller' not found in /home/sneeze7/public_html/wp-content/plugins/jetpack/_inc/lib/core-api/wpcom-endpoints/class-wpcom-rest-api-v2-endpoint-search.php:30
Stack trace:
#0 /home/sneeze7/public_html/wp-content/plugins/jetpack/_inc/lib/core-api/load-wpcom-endpoints.php(32): WPCOM_REST_API_V2_Endpoint_Search->__construct()
#1 /home/sneeze7/public_html/wp-content/plugins/jetpack/_inc/lib/core-api/wpcom-endpoints/class-wpcom-rest-api-v2-endpoint-search.php(51): wpcom_rest_api_v2_load_plugin('WPCOM_REST_API_...')
#2 /home/sneeze7/public_html/wp-content/plugins/jetpack/_inc/lib/core-api/load-wpcom-endpoints.php(19): require_once('/home/sneeze7/p...')
#3 /home/sneeze7/public_html/wp-content/plugins/jetpack/_inc/lib/core-api/load-wpcom-endpoints.php(42): wpcom_rest_api_v2_load_plugin_files('wpcom-endpoints...')
#4 /home/sneeze7/public_html/wp-includes/class-wp-hook.php(307): load_wpcom_rest_api_v2_plugin_files('')
#5 /home/sneeze7/public_html/wp-includes/class-w in /home/sneeze7/public_html/wp-content/plugins/jetpack/_inc/lib/core-api/wpcom-endpoints/class-wpcom-rest-api-v2-endpoint-search.php on line 30

2022-08-16T09:32:13+00:00 CRITICAL Uncaught Error: Class 'Automattic\Jetpack\Search\REST_Controller' not found in /home/sneeze7/public_html/wp-content/plugins/jetpack/_inc/lib/core-api/wpcom-endpoints/class-wpcom-rest-api-v2-endpoint-search.php:30
Stack trace:
#0 /home/sneeze7/public_html/wp-content/plugins/jetpack/_inc/lib/core-api/load-wpcom-endpoints.php(32): WPCOM_REST_API_V2_Endpoint_Search->__construct()
#1 /home/sneeze7/public_html/wp-content/plugins/jetpack/_inc/lib/core-api/wpcom-endpoints/class-wpcom-rest-api-v2-endpoint-search.php(51): wpcom_rest_api_v2_load_plugin('WPCOM_REST_API_...')
#2 /home/sneeze7/public_html/wp-content/plugins/jetpack/_inc/lib/core-api/load-wpcom-endpoints.php(19): require_once('/home/sneeze7/p...')
#3 /home/sneeze7/public_html/wp-content/plugins/jetpack/_inc/lib/core-api/load-wpcom-endpoints.php(42): wpcom_rest_api_v2_load_plugin_files('wpcom-endpoints...')
#4 /home/sneeze7/public_html/wp-includes/class-wp-hook.php(307): load_wpcom_rest_api_v2_plugin_files('')
#5 /home/sneeze7/public_html/wp-includes/class-w in /home/sneeze7/public_html/wp-content/plugins/jetpack/_inc/lib/core-api/wpcom-endpoints/class-wpcom-rest-api-v2-endpoint-search.php on line 30

2022-08-16T09:36:48+00:00 CRITICAL Uncaught Error: Class 'Automattic\Jetpack\Search\REST_Controller' not found in /home/sneeze7/public_html/wp-content/plugins/jetpack/_inc/lib/core-api/wpcom-endpoints/class-wpcom-rest-api-v2-endpoint-search.php:30
Stack trace:
#0 /home/sneeze7/public_html/wp-content/plugins/jetpack/_inc/lib/core-api/load-wpcom-endpoints.php(32): WPCOM_REST_API_V2_Endpoint_Search->__construct()
#1 /home/sneeze7/public_html/wp-content/plugins/jetpack/_inc/lib/core-api/wpcom-endpoints/class-wpcom-rest-api-v2-endpoint-search.php(51): wpcom_rest_api_v2_load_plugin('WPCOM_REST_API_...')
#2 /home/sneeze7/public_html/wp-content/plugins/jetpack/_inc/lib/core-api/load-wpcom-endpoints.php(19): require_once('/home/sneeze7/p...')
#3 /home/sneeze7/public_html/wp-content/plugins/jetpack/_inc/lib/core-api/load-wpcom-endpoints.php(42): wpcom_rest_api_v2_load_plugin_files('wpcom-endpoints...')
#4 /home/sneeze7/public_html/wp-includes/class-wp-hook.php(307): load_wpcom_rest_api_v2_plugin_files('')
#5 /home/sneeze7/public_html/wp-includes/class-w in /home/sneeze7/public_html/wp-content/plugins/jetpack/_inc/lib/core-api/wpcom-endpoints/class-wpcom-rest-api-v2-endpoint-search.php on line 30

2022-08-16T09:36:49+00:00 CRITICAL Uncaught Error: Class 'Automattic\Jetpack\Search\REST_Controller' not found in /home/sneeze7/public_html/wp-content/plugins/jetpack/_inc/lib/core-api/wpcom-endpoints/class-wpcom-rest-api-v2-endpoint-search.php:30
Stack trace:
#0 /home/sneeze7/public_html/wp-content/plugins/jetpack/_inc/lib/core-api/load-wpcom-endpoints.php(32): WPCOM_REST_API_V2_Endpoint_Search->__construct()
#1 /home/sneeze7/public_html/wp-content/plugins/jetpack/_inc/lib/core-api/wpcom-endpoints/class-wpcom-rest-api-v2-endpoint-search.php(51): wpcom_rest_api_v2_load_plugin('WPCOM_REST_API_...')
#2 /home/sneeze7/public_html/wp-content/plugins/jetpack/_inc/lib/core-api/load-wpcom-endpoints.php(19): require_once('/home/sneeze7/p...')
#3 /home/sneeze7/public_html/wp-content/plugins/jetpack/_inc/lib/core-api/load-wpcom-endpoints.php(42): wpcom_rest_api_v2_load_plugin_files('wpcom-endpoints...')
#4 /home/sneeze7/public_html/wp-includes/class-wp-hook.php(307): load_wpcom_rest_api_v2_plugin_files('')
#5 /home/sneeze7/public_html/wp-includes/class-w in /home/sneeze7/public_html/wp-content/plugins/jetpack/_inc/lib/core-api/wpcom-endpoints/class-wpcom-rest-api-v2-endpoint-search.php on line 30

2022-08-16T09:36:50+00:00 CRITICAL Uncaught Error: Class 'Automattic\Jetpack\Search\REST_Controller' not found in /home/sneeze7/public_html/wp-content/plugins/jetpack/_inc/lib/core-api/wpcom-endpoints/class-wpcom-rest-api-v2-endpoint-search.php:30
Stack trace:
#0 /home/sneeze7/public_html/wp-content/plugins/jetpack/_inc/lib/core-api/load-wpcom-endpoints.php(32): WPCOM_REST_API_V2_Endpoint_Search->__construct()
#1 /home/sneeze7/public_html/wp-content/plugins/jetpack/_inc/lib/core-api/wpcom-endpoints/class-wpcom-rest-api-v2-endpoint-search.php(51): wpcom_rest_api_v2_load_plugin('WPCOM_REST_API_...')
#2 /home/sneeze7/public_html/wp-content/plugins/jetpack/_inc/lib/core-api/load-wpcom-endpoints.php(19): require_once('/home/sneeze7/p...')
#3 /home/sneeze7/public_html/wp-content/plugins/jetpack/_inc/lib/core-api/load-wpcom-endpoints.php(42): wpcom_rest_api_v2_load_plugin_files('wpcom-endpoints...')
#4 /home/sneeze7/public_html/wp-includes/class-wp-hook.php(307): load_wpcom_rest_api_v2_plugin_files('')
#5 /home/sneeze7/public_html/wp-includes/class-w in /home/sneeze7/public_html/wp-content/plugins/jetpack/_inc/lib/core-api/wpcom-endpoints/class-wpcom-rest-api-v2-endpoint-search.php on line 30

2022-08-16T09:36:52+00:00 CRITICAL Uncaught Error: Class 'Automattic\Jetpack\Search\REST_Controller' not found in /home/sneeze7/public_html/wp-content/plugins/jetpack/_inc/lib/core-api/wpcom-endpoints/class-wpcom-rest-api-v2-endpoint-search.php:30
Stack trace:
#0 /home/sneeze7/public_html/wp-content/plugins/jetpack/_inc/lib/core-api/load-wpcom-endpoints.php(32): WPCOM_REST_API_V2_Endpoint_Search->__construct()
#1 /home/sneeze7/public_html/wp-content/plugins/jetpack/_inc/lib/core-api/wpcom-endpoints/class-wpcom-rest-api-v2-endpoint-search.php(51): wpcom_rest_api_v2_load_plugin('WPCOM_REST_API_...')
#2 /home/sneeze7/public_html/wp-content/plugins/jetpack/_inc/lib/core-api/load-wpcom-endpoints.php(19): require_once('/home/sneeze7/p...')
#3 /home/sneeze7/public_html/wp-content/plugins/jetpack/_inc/lib/core-api/load-wpcom-endpoints.php(42): wpcom_rest_api_v2_load_plugin_files('wpcom-endpoints...')
#4 /home/sneeze7/public_html/wp-includes/class-wp-hook.php(307): load_wpcom_rest_api_v2_plugin_files('')
#5 /home/sneeze7/public_html/wp-includes/class-w in /home/sneeze7/public_html/wp-content/plugins/jetpack/_inc/lib/core-api/wpcom-endpoints/class-wpcom-rest-api-v2-endpoint-search.php on line 30

2022-08-16T10:02:04+00:00 CRITICAL Uncaught Error: Class 'Automattic\Jetpack\Search\REST_Controller' not found in /home/sneeze7/public_html/wp-content/plugins/jetpack/_inc/lib/core-api/wpcom-endpoints/class-wpcom-rest-api-v2-endpoint-search.php:30
Stack trace:
#0 /home/sneeze7/public_html/wp-content/plugins/jetpack/_inc/lib/core-api/load-wpcom-endpoints.php(32): WPCOM_REST_API_V2_Endpoint_Search->__construct()
#1 /home/sneeze7/public_html/wp-content/plugins/jetpack/_inc/lib/core-api/wpcom-endpoints/class-wpcom-rest-api-v2-endpoint-search.php(51): wpcom_rest_api_v2_load_plugin('WPCOM_REST_API_...')
#2 /home/sneeze7/public_html/wp-content/plugins/jetpack/_inc/lib/core-api/load-wpcom-endpoints.php(19): require_once('/home/sneeze7/p...')
#3 /home/sneeze7/public_html/wp-content/plugins/jetpack/_inc/lib/core-api/load-wpcom-endpoints.php(42): wpcom_rest_api_v2_load_plugin_files('wpcom-endpoints...')
#4 /home/sneeze7/public_html/wp-includes/class-wp-hook.php(307): load_wpcom_rest_api_v2_plugin_files('')
#5 /home/sneeze7/public_html/wp-includes/class-w in /home/sneeze7/public_html/wp-content/plugins/jetpack/_inc/lib/core-api/wpcom-endpoints/class-wpcom-rest-api-v2-endpoint-search.php on line 30

2022-08-16T10:02:06+00:00 CRITICAL Uncaught Error: Class 'Automattic\Jetpack\Search\REST_Controller' not found in /home/sneeze7/public_html/wp-content/plugins/jetpack/_inc/lib/core-api/wpcom-endpoints/class-wpcom-rest-api-v2-endpoint-search.php:30
Stack trace:
#0 /home/sneeze7/public_html/wp-content/plugins/jetpack/_inc/lib/core-api/load-wpcom-endpoints.php(32): WPCOM_REST_API_V2_Endpoint_Search->__construct()
#1 /home/sneeze7/public_html/wp-content/plugins/jetpack/_inc/lib/core-api/wpcom-endpoints/class-wpcom-rest-api-v2-endpoint-search.php(51): wpcom_rest_api_v2_load_plugin('WPCOM_REST_API_...')
#2 /home/sneeze7/public_html/wp-content/plugins/jetpack/_inc/lib/core-api/load-wpcom-endpoints.php(19): require_once('/home/sneeze7/p...')
#3 /home/sneeze7/public_html/wp-content/plugins/jetpack/_inc/lib/core-api/load-wpcom-endpoints.php(42): wpcom_rest_api_v2_load_plugin_files('wpcom-endpoints...')
#4 /home/sneeze7/public_html/wp-includes/class-wp-hook.php(307): load_wpcom_rest_api_v2_plugin_files('')
#5 /home/sneeze7/public_html/wp-includes/class-w in /home/sneeze7/public_html/wp-content/plugins/jetpack/_inc/lib/core-api/wpcom-endpoints/class-wpcom-rest-api-v2-endpoint-search.php on line 30

