2022-08-06T02:15:34+00:00 CRITICAL Uncaught Error: Class 'Automattic\Jetpack\Search\REST_Controller' not found in /home/sneeze7/public_html/wp-content/plugins/jetpack/_inc/lib/core-api/wpcom-endpoints/class-wpcom-rest-api-v2-endpoint-search.php:30
Stack trace:
#0 /home/sneeze7/public_html/wp-content/plugins/jetpack/_inc/lib/core-api/load-wpcom-endpoints.php(32): WPCOM_REST_API_V2_Endpoint_Search->__construct()
#1 /home/sneeze7/public_html/wp-content/plugins/jetpack/_inc/lib/core-api/wpcom-endpoints/class-wpcom-rest-api-v2-endpoint-search.php(51): wpcom_rest_api_v2_load_plugin('WPCOM_REST_API_...')
#2 /home/sneeze7/public_html/wp-content/plugins/jetpack/_inc/lib/core-api/load-wpcom-endpoints.php(19): require_once('/home/sneeze7/p...')
#3 /home/sneeze7/public_html/wp-content/plugins/jetpack/_inc/lib/core-api/load-wpcom-endpoints.php(42): wpcom_rest_api_v2_load_plugin_files('wpcom-endpoints...')
#4 /home/sneeze7/public_html/wp-includes/class-wp-hook.php(307): load_wpcom_rest_api_v2_plugin_files('')
#5 /home/sneeze7/public_html/wp-includes/class-w in /home/sneeze7/public_html/wp-content/plugins/jetpack/_inc/lib/core-api/wpcom-endpoints/class-wpcom-rest-api-v2-endpoint-search.php on line 30

2022-08-06T02:59:54+00:00 CRITICAL Uncaught Error: Class 'Automattic\Jetpack\Search\REST_Controller' not found in /home/sneeze7/public_html/wp-content/plugins/jetpack/_inc/lib/core-api/wpcom-endpoints/class-wpcom-rest-api-v2-endpoint-search.php:30
Stack trace:
#0 /home/sneeze7/public_html/wp-content/plugins/jetpack/_inc/lib/core-api/load-wpcom-endpoints.php(32): WPCOM_REST_API_V2_Endpoint_Search->__construct()
#1 /home/sneeze7/public_html/wp-content/plugins/jetpack/_inc/lib/core-api/wpcom-endpoints/class-wpcom-rest-api-v2-endpoint-search.php(51): wpcom_rest_api_v2_load_plugin('WPCOM_REST_API_...')
#2 /home/sneeze7/public_html/wp-content/plugins/jetpack/_inc/lib/core-api/load-wpcom-endpoints.php(19): require_once('/home/sneeze7/p...')
#3 /home/sneeze7/public_html/wp-content/plugins/jetpack/_inc/lib/core-api/load-wpcom-endpoints.php(42): wpcom_rest_api_v2_load_plugin_files('wpcom-endpoints...')
#4 /home/sneeze7/public_html/wp-includes/class-wp-hook.php(307): load_wpcom_rest_api_v2_plugin_files('')
#5 /home/sneeze7/public_html/wp-includes/class-w in /home/sneeze7/public_html/wp-content/plugins/jetpack/_inc/lib/core-api/wpcom-endpoints/class-wpcom-rest-api-v2-endpoint-search.php on line 30

2022-08-06T03:26:45+00:00 CRITICAL Uncaught Error: Class 'Automattic\Jetpack\Search\REST_Controller' not found in /home/sneeze7/public_html/wp-content/plugins/jetpack/_inc/lib/core-api/wpcom-endpoints/class-wpcom-rest-api-v2-endpoint-search.php:30
Stack trace:
#0 /home/sneeze7/public_html/wp-content/plugins/jetpack/_inc/lib/core-api/load-wpcom-endpoints.php(32): WPCOM_REST_API_V2_Endpoint_Search->__construct()
#1 /home/sneeze7/public_html/wp-content/plugins/jetpack/_inc/lib/core-api/wpcom-endpoints/class-wpcom-rest-api-v2-endpoint-search.php(51): wpcom_rest_api_v2_load_plugin('WPCOM_REST_API_...')
#2 /home/sneeze7/public_html/wp-content/plugins/jetpack/_inc/lib/core-api/load-wpcom-endpoints.php(19): require_once('/home/sneeze7/p...')
#3 /home/sneeze7/public_html/wp-content/plugins/jetpack/_inc/lib/core-api/load-wpcom-endpoints.php(42): wpcom_rest_api_v2_load_plugin_files('wpcom-endpoints...')
#4 /home/sneeze7/public_html/wp-includes/class-wp-hook.php(307): load_wpcom_rest_api_v2_plugin_files('')
#5 /home/sneeze7/public_html/wp-includes/class-w in /home/sneeze7/public_html/wp-content/plugins/jetpack/_inc/lib/core-api/wpcom-endpoints/class-wpcom-rest-api-v2-endpoint-search.php on line 30

2022-08-06T03:47:23+00:00 CRITICAL Uncaught Error: Class 'Automattic\Jetpack\Search\REST_Controller' not found in /home/sneeze7/public_html/wp-content/plugins/jetpack/_inc/lib/core-api/wpcom-endpoints/class-wpcom-rest-api-v2-endpoint-search.php:30
Stack trace:
#0 /home/sneeze7/public_html/wp-content/plugins/jetpack/_inc/lib/core-api/load-wpcom-endpoints.php(32): WPCOM_REST_API_V2_Endpoint_Search->__construct()
#1 /home/sneeze7/public_html/wp-content/plugins/jetpack/_inc/lib/core-api/wpcom-endpoints/class-wpcom-rest-api-v2-endpoint-search.php(51): wpcom_rest_api_v2_load_plugin('WPCOM_REST_API_...')
#2 /home/sneeze7/public_html/wp-content/plugins/jetpack/_inc/lib/core-api/load-wpcom-endpoints.php(19): require_once('/home/sneeze7/p...')
#3 /home/sneeze7/public_html/wp-content/plugins/jetpack/_inc/lib/core-api/load-wpcom-endpoints.php(42): wpcom_rest_api_v2_load_plugin_files('wpcom-endpoints...')
#4 /home/sneeze7/public_html/wp-includes/class-wp-hook.php(307): load_wpcom_rest_api_v2_plugin_files('')
#5 /home/sneeze7/public_html/wp-includes/class-w in /home/sneeze7/public_html/wp-content/plugins/jetpack/_inc/lib/core-api/wpcom-endpoints/class-wpcom-rest-api-v2-endpoint-search.php on line 30

2022-08-06T03:48:53+00:00 CRITICAL Uncaught Error: Class 'Automattic\Jetpack\Search\REST_Controller' not found in /home/sneeze7/public_html/wp-content/plugins/jetpack/_inc/lib/core-api/wpcom-endpoints/class-wpcom-rest-api-v2-endpoint-search.php:30
Stack trace:
#0 /home/sneeze7/public_html/wp-content/plugins/jetpack/_inc/lib/core-api/load-wpcom-endpoints.php(32): WPCOM_REST_API_V2_Endpoint_Search->__construct()
#1 /home/sneeze7/public_html/wp-content/plugins/jetpack/_inc/lib/core-api/wpcom-endpoints/class-wpcom-rest-api-v2-endpoint-search.php(51): wpcom_rest_api_v2_load_plugin('WPCOM_REST_API_...')
#2 /home/sneeze7/public_html/wp-content/plugins/jetpack/_inc/lib/core-api/load-wpcom-endpoints.php(19): require_once('/home/sneeze7/p...')
#3 /home/sneeze7/public_html/wp-content/plugins/jetpack/_inc/lib/core-api/load-wpcom-endpoints.php(42): wpcom_rest_api_v2_load_plugin_files('wpcom-endpoints...')
#4 /home/sneeze7/public_html/wp-includes/class-wp-hook.php(307): load_wpcom_rest_api_v2_plugin_files('')
#5 /home/sneeze7/public_html/wp-includes/class-w in /home/sneeze7/public_html/wp-content/plugins/jetpack/_inc/lib/core-api/wpcom-endpoints/class-wpcom-rest-api-v2-endpoint-search.php on line 30

2022-08-06T03:49:18+00:00 CRITICAL Uncaught Error: Class 'Automattic\Jetpack\Search\REST_Controller' not found in /home/sneeze7/public_html/wp-content/plugins/jetpack/_inc/lib/core-api/wpcom-endpoints/class-wpcom-rest-api-v2-endpoint-search.php:30
Stack trace:
#0 /home/sneeze7/public_html/wp-content/plugins/jetpack/_inc/lib/core-api/load-wpcom-endpoints.php(32): WPCOM_REST_API_V2_Endpoint_Search->__construct()
#1 /home/sneeze7/public_html/wp-content/plugins/jetpack/_inc/lib/core-api/wpcom-endpoints/class-wpcom-rest-api-v2-endpoint-search.php(51): wpcom_rest_api_v2_load_plugin('WPCOM_REST_API_...')
#2 /home/sneeze7/public_html/wp-content/plugins/jetpack/_inc/lib/core-api/load-wpcom-endpoints.php(19): require_once('/home/sneeze7/p...')
#3 /home/sneeze7/public_html/wp-content/plugins/jetpack/_inc/lib/core-api/load-wpcom-endpoints.php(42): wpcom_rest_api_v2_load_plugin_files('wpcom-endpoints...')
#4 /home/sneeze7/public_html/wp-includes/class-wp-hook.php(307): load_wpcom_rest_api_v2_plugin_files('')
#5 /home/sneeze7/public_html/wp-includes/class-w in /home/sneeze7/public_html/wp-content/plugins/jetpack/_inc/lib/core-api/wpcom-endpoints/class-wpcom-rest-api-v2-endpoint-search.php on line 30

2022-08-06T06:10:31+00:00 CRITICAL Uncaught Error: Class 'Automattic\Jetpack\Search\REST_Controller' not found in /home/sneeze7/public_html/wp-content/plugins/jetpack/_inc/lib/core-api/wpcom-endpoints/class-wpcom-rest-api-v2-endpoint-search.php:30
Stack trace:
#0 /home/sneeze7/public_html/wp-content/plugins/jetpack/_inc/lib/core-api/load-wpcom-endpoints.php(32): WPCOM_REST_API_V2_Endpoint_Search->__construct()
#1 /home/sneeze7/public_html/wp-content/plugins/jetpack/_inc/lib/core-api/wpcom-endpoints/class-wpcom-rest-api-v2-endpoint-search.php(51): wpcom_rest_api_v2_load_plugin('WPCOM_REST_API_...')
#2 /home/sneeze7/public_html/wp-content/plugins/jetpack/_inc/lib/core-api/load-wpcom-endpoints.php(19): require_once('/home/sneeze7/p...')
#3 /home/sneeze7/public_html/wp-content/plugins/jetpack/_inc/lib/core-api/load-wpcom-endpoints.php(42): wpcom_rest_api_v2_load_plugin_files('wpcom-endpoints...')
#4 /home/sneeze7/public_html/wp-includes/class-wp-hook.php(307): load_wpcom_rest_api_v2_plugin_files('')
#5 /home/sneeze7/public_html/wp-includes/class-w in /home/sneeze7/public_html/wp-content/plugins/jetpack/_inc/lib/core-api/wpcom-endpoints/class-wpcom-rest-api-v2-endpoint-search.php on line 30

2022-08-06T06:29:39+00:00 CRITICAL Uncaught Error: Class 'Automattic\Jetpack\Search\REST_Controller' not found in /home/sneeze7/public_html/wp-content/plugins/jetpack/_inc/lib/core-api/wpcom-endpoints/class-wpcom-rest-api-v2-endpoint-search.php:30
Stack trace:
#0 /home/sneeze7/public_html/wp-content/plugins/jetpack/_inc/lib/core-api/load-wpcom-endpoints.php(32): WPCOM_REST_API_V2_Endpoint_Search->__construct()
#1 /home/sneeze7/public_html/wp-content/plugins/jetpack/_inc/lib/core-api/wpcom-endpoints/class-wpcom-rest-api-v2-endpoint-search.php(51): wpcom_rest_api_v2_load_plugin('WPCOM_REST_API_...')
#2 /home/sneeze7/public_html/wp-content/plugins/jetpack/_inc/lib/core-api/load-wpcom-endpoints.php(19): require_once('/home/sneeze7/p...')
#3 /home/sneeze7/public_html/wp-content/plugins/jetpack/_inc/lib/core-api/load-wpcom-endpoints.php(42): wpcom_rest_api_v2_load_plugin_files('wpcom-endpoints...')
#4 /home/sneeze7/public_html/wp-includes/class-wp-hook.php(307): load_wpcom_rest_api_v2_plugin_files('')
#5 /home/sneeze7/public_html/wp-includes/class-w in /home/sneeze7/public_html/wp-content/plugins/jetpack/_inc/lib/core-api/wpcom-endpoints/class-wpcom-rest-api-v2-endpoint-search.php on line 30

2022-08-06T06:37:08+00:00 CRITICAL Uncaught Error: Class 'Automattic\Jetpack\Search\REST_Controller' not found in /home/sneeze7/public_html/wp-content/plugins/jetpack/_inc/lib/core-api/wpcom-endpoints/class-wpcom-rest-api-v2-endpoint-search.php:30
Stack trace:
#0 /home/sneeze7/public_html/wp-content/plugins/jetpack/_inc/lib/core-api/load-wpcom-endpoints.php(32): WPCOM_REST_API_V2_Endpoint_Search->__construct()
#1 /home/sneeze7/public_html/wp-content/plugins/jetpack/_inc/lib/core-api/wpcom-endpoints/class-wpcom-rest-api-v2-endpoint-search.php(51): wpcom_rest_api_v2_load_plugin('WPCOM_REST_API_...')
#2 /home/sneeze7/public_html/wp-content/plugins/jetpack/_inc/lib/core-api/load-wpcom-endpoints.php(19): require_once('/home/sneeze7/p...')
#3 /home/sneeze7/public_html/wp-content/plugins/jetpack/_inc/lib/core-api/load-wpcom-endpoints.php(42): wpcom_rest_api_v2_load_plugin_files('wpcom-endpoints...')
#4 /home/sneeze7/public_html/wp-includes/class-wp-hook.php(307): load_wpcom_rest_api_v2_plugin_files('')
#5 /home/sneeze7/public_html/wp-includes/class-w in /home/sneeze7/public_html/wp-content/plugins/jetpack/_inc/lib/core-api/wpcom-endpoints/class-wpcom-rest-api-v2-endpoint-search.php on line 30

2022-08-06T08:15:00+00:00 CRITICAL Uncaught Error: Class 'Automattic\Jetpack\Search\REST_Controller' not found in /home/sneeze7/public_html/wp-content/plugins/jetpack/_inc/lib/core-api/wpcom-endpoints/class-wpcom-rest-api-v2-endpoint-search.php:30
Stack trace:
#0 /home/sneeze7/public_html/wp-content/plugins/jetpack/_inc/lib/core-api/load-wpcom-endpoints.php(32): WPCOM_REST_API_V2_Endpoint_Search->__construct()
#1 /home/sneeze7/public_html/wp-content/plugins/jetpack/_inc/lib/core-api/wpcom-endpoints/class-wpcom-rest-api-v2-endpoint-search.php(51): wpcom_rest_api_v2_load_plugin('WPCOM_REST_API_...')
#2 /home/sneeze7/public_html/wp-content/plugins/jetpack/_inc/lib/core-api/load-wpcom-endpoints.php(19): require_once('/home/sneeze7/p...')
#3 /home/sneeze7/public_html/wp-content/plugins/jetpack/_inc/lib/core-api/load-wpcom-endpoints.php(42): wpcom_rest_api_v2_load_plugin_files('wpcom-endpoints...')
#4 /home/sneeze7/public_html/wp-includes/class-wp-hook.php(307): load_wpcom_rest_api_v2_plugin_files('')
#5 /home/sneeze7/public_html/wp-includes/class-w in /home/sneeze7/public_html/wp-content/plugins/jetpack/_inc/lib/core-api/wpcom-endpoints/class-wpcom-rest-api-v2-endpoint-search.php on line 30

2022-08-06T10:27:00+00:00 CRITICAL Uncaught Error: Class 'Automattic\Jetpack\Search\REST_Controller' not found in /home/sneeze7/public_html/wp-content/plugins/jetpack/_inc/lib/core-api/wpcom-endpoints/class-wpcom-rest-api-v2-endpoint-search.php:30
Stack trace:
#0 /home/sneeze7/public_html/wp-content/plugins/jetpack/_inc/lib/core-api/load-wpcom-endpoints.php(32): WPCOM_REST_API_V2_Endpoint_Search->__construct()
#1 /home/sneeze7/public_html/wp-content/plugins/jetpack/_inc/lib/core-api/wpcom-endpoints/class-wpcom-rest-api-v2-endpoint-search.php(51): wpcom_rest_api_v2_load_plugin('WPCOM_REST_API_...')
#2 /home/sneeze7/public_html/wp-content/plugins/jetpack/_inc/lib/core-api/load-wpcom-endpoints.php(19): require_once('/home/sneeze7/p...')
#3 /home/sneeze7/public_html/wp-content/plugins/jetpack/_inc/lib/core-api/load-wpcom-endpoints.php(42): wpcom_rest_api_v2_load_plugin_files('wpcom-endpoints...')
#4 /home/sneeze7/public_html/wp-includes/class-wp-hook.php(307): load_wpcom_rest_api_v2_plugin_files('')
#5 /home/sneeze7/public_html/wp-includes/class-w in /home/sneeze7/public_html/wp-content/plugins/jetpack/_inc/lib/core-api/wpcom-endpoints/class-wpcom-rest-api-v2-endpoint-search.php on line 30

2022-08-06T11:15:11+00:00 CRITICAL Uncaught Error: Class 'Automattic\Jetpack\Search\REST_Controller' not found in /home/sneeze7/public_html/wp-content/plugins/jetpack/_inc/lib/core-api/wpcom-endpoints/class-wpcom-rest-api-v2-endpoint-search.php:30
Stack trace:
#0 /home/sneeze7/public_html/wp-content/plugins/jetpack/_inc/lib/core-api/load-wpcom-endpoints.php(32): WPCOM_REST_API_V2_Endpoint_Search->__construct()
#1 /home/sneeze7/public_html/wp-content/plugins/jetpack/_inc/lib/core-api/wpcom-endpoints/class-wpcom-rest-api-v2-endpoint-search.php(51): wpcom_rest_api_v2_load_plugin('WPCOM_REST_API_...')
#2 /home/sneeze7/public_html/wp-content/plugins/jetpack/_inc/lib/core-api/load-wpcom-endpoints.php(19): require_once('/home/sneeze7/p...')
#3 /home/sneeze7/public_html/wp-content/plugins/jetpack/_inc/lib/core-api/load-wpcom-endpoints.php(42): wpcom_rest_api_v2_load_plugin_files('wpcom-endpoints...')
#4 /home/sneeze7/public_html/wp-includes/class-wp-hook.php(307): load_wpcom_rest_api_v2_plugin_files('')
#5 /home/sneeze7/public_html/wp-includes/class-w in /home/sneeze7/public_html/wp-content/plugins/jetpack/_inc/lib/core-api/wpcom-endpoints/class-wpcom-rest-api-v2-endpoint-search.php on line 30

2022-08-06T11:42:22+00:00 CRITICAL Uncaught Error: Class 'Automattic\Jetpack\Search\REST_Controller' not found in /home/sneeze7/public_html/wp-content/plugins/jetpack/_inc/lib/core-api/wpcom-endpoints/class-wpcom-rest-api-v2-endpoint-search.php:30
Stack trace:
#0 /home/sneeze7/public_html/wp-content/plugins/jetpack/_inc/lib/core-api/load-wpcom-endpoints.php(32): WPCOM_REST_API_V2_Endpoint_Search->__construct()
#1 /home/sneeze7/public_html/wp-content/plugins/jetpack/_inc/lib/core-api/wpcom-endpoints/class-wpcom-rest-api-v2-endpoint-search.php(51): wpcom_rest_api_v2_load_plugin('WPCOM_REST_API_...')
#2 /home/sneeze7/public_html/wp-content/plugins/jetpack/_inc/lib/core-api/load-wpcom-endpoints.php(19): require_once('/home/sneeze7/p...')
#3 /home/sneeze7/public_html/wp-content/plugins/jetpack/_inc/lib/core-api/load-wpcom-endpoints.php(42): wpcom_rest_api_v2_load_plugin_files('wpcom-endpoints...')
#4 /home/sneeze7/public_html/wp-includes/class-wp-hook.php(307): load_wpcom_rest_api_v2_plugin_files('')
#5 /home/sneeze7/public_html/wp-includes/class-w in /home/sneeze7/public_html/wp-content/plugins/jetpack/_inc/lib/core-api/wpcom-endpoints/class-wpcom-rest-api-v2-endpoint-search.php on line 30

2022-08-06T11:48:22+00:00 CRITICAL Uncaught Error: Class 'Automattic\Jetpack\Search\REST_Controller' not found in /home/sneeze7/public_html/wp-content/plugins/jetpack/_inc/lib/core-api/wpcom-endpoints/class-wpcom-rest-api-v2-endpoint-search.php:30
Stack trace:
#0 /home/sneeze7/public_html/wp-content/plugins/jetpack/_inc/lib/core-api/load-wpcom-endpoints.php(32): WPCOM_REST_API_V2_Endpoint_Search->__construct()
#1 /home/sneeze7/public_html/wp-content/plugins/jetpack/_inc/lib/core-api/wpcom-endpoints/class-wpcom-rest-api-v2-endpoint-search.php(51): wpcom_rest_api_v2_load_plugin('WPCOM_REST_API_...')
#2 /home/sneeze7/public_html/wp-content/plugins/jetpack/_inc/lib/core-api/load-wpcom-endpoints.php(19): require_once('/home/sneeze7/p...')
#3 /home/sneeze7/public_html/wp-content/plugins/jetpack/_inc/lib/core-api/load-wpcom-endpoints.php(42): wpcom_rest_api_v2_load_plugin_files('wpcom-endpoints...')
#4 /home/sneeze7/public_html/wp-includes/class-wp-hook.php(307): load_wpcom_rest_api_v2_plugin_files('')
#5 /home/sneeze7/public_html/wp-includes/class-w in /home/sneeze7/public_html/wp-content/plugins/jetpack/_inc/lib/core-api/wpcom-endpoints/class-wpcom-rest-api-v2-endpoint-search.php on line 30

2022-08-06T12:13:24+00:00 CRITICAL Uncaught Error: Class 'Automattic\Jetpack\Search\REST_Controller' not found in /home/sneeze7/public_html/wp-content/plugins/jetpack/_inc/lib/core-api/wpcom-endpoints/class-wpcom-rest-api-v2-endpoint-search.php:30
Stack trace:
#0 /home/sneeze7/public_html/wp-content/plugins/jetpack/_inc/lib/core-api/load-wpcom-endpoints.php(32): WPCOM_REST_API_V2_Endpoint_Search->__construct()
#1 /home/sneeze7/public_html/wp-content/plugins/jetpack/_inc/lib/core-api/wpcom-endpoints/class-wpcom-rest-api-v2-endpoint-search.php(51): wpcom_rest_api_v2_load_plugin('WPCOM_REST_API_...')
#2 /home/sneeze7/public_html/wp-content/plugins/jetpack/_inc/lib/core-api/load-wpcom-endpoints.php(19): require_once('/home/sneeze7/p...')
#3 /home/sneeze7/public_html/wp-content/plugins/jetpack/_inc/lib/core-api/load-wpcom-endpoints.php(42): wpcom_rest_api_v2_load_plugin_files('wpcom-endpoints...')
#4 /home/sneeze7/public_html/wp-includes/class-wp-hook.php(307): load_wpcom_rest_api_v2_plugin_files('')
#5 /home/sneeze7/public_html/wp-includes/class-w in /home/sneeze7/public_html/wp-content/plugins/jetpack/_inc/lib/core-api/wpcom-endpoints/class-wpcom-rest-api-v2-endpoint-search.php on line 30

2022-08-06T14:24:37+00:00 CRITICAL Uncaught Error: Class 'Automattic\Jetpack\Search\REST_Controller' not found in /home/sneeze7/public_html/wp-content/plugins/jetpack/_inc/lib/core-api/wpcom-endpoints/class-wpcom-rest-api-v2-endpoint-search.php:30
Stack trace:
#0 /home/sneeze7/public_html/wp-content/plugins/jetpack/_inc/lib/core-api/load-wpcom-endpoints.php(32): WPCOM_REST_API_V2_Endpoint_Search->__construct()
#1 /home/sneeze7/public_html/wp-content/plugins/jetpack/_inc/lib/core-api/wpcom-endpoints/class-wpcom-rest-api-v2-endpoint-search.php(51): wpcom_rest_api_v2_load_plugin('WPCOM_REST_API_...')
#2 /home/sneeze7/public_html/wp-content/plugins/jetpack/_inc/lib/core-api/load-wpcom-endpoints.php(19): require_once('/home/sneeze7/p...')
#3 /home/sneeze7/public_html/wp-content/plugins/jetpack/_inc/lib/core-api/load-wpcom-endpoints.php(42): wpcom_rest_api_v2_load_plugin_files('wpcom-endpoints...')
#4 /home/sneeze7/public_html/wp-includes/class-wp-hook.php(307): load_wpcom_rest_api_v2_plugin_files('')
#5 /home/sneeze7/public_html/wp-includes/class-w in /home/sneeze7/public_html/wp-content/plugins/jetpack/_inc/lib/core-api/wpcom-endpoints/class-wpcom-rest-api-v2-endpoint-search.php on line 30

2022-08-06T14:30:54+00:00 CRITICAL Uncaught Error: Class 'Automattic\Jetpack\Search\REST_Controller' not found in /home/sneeze7/public_html/wp-content/plugins/jetpack/_inc/lib/core-api/wpcom-endpoints/class-wpcom-rest-api-v2-endpoint-search.php:30
Stack trace:
#0 /home/sneeze7/public_html/wp-content/plugins/jetpack/_inc/lib/core-api/load-wpcom-endpoints.php(32): WPCOM_REST_API_V2_Endpoint_Search->__construct()
#1 /home/sneeze7/public_html/wp-content/plugins/jetpack/_inc/lib/core-api/wpcom-endpoints/class-wpcom-rest-api-v2-endpoint-search.php(51): wpcom_rest_api_v2_load_plugin('WPCOM_REST_API_...')
#2 /home/sneeze7/public_html/wp-content/plugins/jetpack/_inc/lib/core-api/load-wpcom-endpoints.php(19): require_once('/home/sneeze7/p...')
#3 /home/sneeze7/public_html/wp-content/plugins/jetpack/_inc/lib/core-api/load-wpcom-endpoints.php(42): wpcom_rest_api_v2_load_plugin_files('wpcom-endpoints...')
#4 /home/sneeze7/public_html/wp-includes/class-wp-hook.php(307): load_wpcom_rest_api_v2_plugin_files('')
#5 /home/sneeze7/public_html/wp-includes/class-w in /home/sneeze7/public_html/wp-content/plugins/jetpack/_inc/lib/core-api/wpcom-endpoints/class-wpcom-rest-api-v2-endpoint-search.php on line 30

2022-08-06T16:32:49+00:00 CRITICAL Uncaught Error: Class 'Automattic\Jetpack\Search\REST_Controller' not found in /home/sneeze7/public_html/wp-content/plugins/jetpack/_inc/lib/core-api/wpcom-endpoints/class-wpcom-rest-api-v2-endpoint-search.php:30
Stack trace:
#0 /home/sneeze7/public_html/wp-content/plugins/jetpack/_inc/lib/core-api/load-wpcom-endpoints.php(32): WPCOM_REST_API_V2_Endpoint_Search->__construct()
#1 /home/sneeze7/public_html/wp-content/plugins/jetpack/_inc/lib/core-api/wpcom-endpoints/class-wpcom-rest-api-v2-endpoint-search.php(51): wpcom_rest_api_v2_load_plugin('WPCOM_REST_API_...')
#2 /home/sneeze7/public_html/wp-content/plugins/jetpack/_inc/lib/core-api/load-wpcom-endpoints.php(19): require_once('/home/sneeze7/p...')
#3 /home/sneeze7/public_html/wp-content/plugins/jetpack/_inc/lib/core-api/load-wpcom-endpoints.php(42): wpcom_rest_api_v2_load_plugin_files('wpcom-endpoints...')
#4 /home/sneeze7/public_html/wp-includes/class-wp-hook.php(307): load_wpcom_rest_api_v2_plugin_files('')
#5 /home/sneeze7/public_html/wp-includes/class-w in /home/sneeze7/public_html/wp-content/plugins/jetpack/_inc/lib/core-api/wpcom-endpoints/class-wpcom-rest-api-v2-endpoint-search.php on line 30

2022-08-06T18:41:28+00:00 CRITICAL Uncaught Error: Class 'Automattic\Jetpack\Search\REST_Controller' not found in /home/sneeze7/public_html/wp-content/plugins/jetpack/_inc/lib/core-api/wpcom-endpoints/class-wpcom-rest-api-v2-endpoint-search.php:30
Stack trace:
#0 /home/sneeze7/public_html/wp-content/plugins/jetpack/_inc/lib/core-api/load-wpcom-endpoints.php(32): WPCOM_REST_API_V2_Endpoint_Search->__construct()
#1 /home/sneeze7/public_html/wp-content/plugins/jetpack/_inc/lib/core-api/wpcom-endpoints/class-wpcom-rest-api-v2-endpoint-search.php(51): wpcom_rest_api_v2_load_plugin('WPCOM_REST_API_...')
#2 /home/sneeze7/public_html/wp-content/plugins/jetpack/_inc/lib/core-api/load-wpcom-endpoints.php(19): require_once('/home/sneeze7/p...')
#3 /home/sneeze7/public_html/wp-content/plugins/jetpack/_inc/lib/core-api/load-wpcom-endpoints.php(42): wpcom_rest_api_v2_load_plugin_files('wpcom-endpoints...')
#4 /home/sneeze7/public_html/wp-includes/class-wp-hook.php(307): load_wpcom_rest_api_v2_plugin_files('')
#5 /home/sneeze7/public_html/wp-includes/class-w in /home/sneeze7/public_html/wp-content/plugins/jetpack/_inc/lib/core-api/wpcom-endpoints/class-wpcom-rest-api-v2-endpoint-search.php on line 30

2022-08-06T20:40:44+00:00 CRITICAL Uncaught Error: Class 'Automattic\Jetpack\Search\REST_Controller' not found in /home/sneeze7/public_html/wp-content/plugins/jetpack/_inc/lib/core-api/wpcom-endpoints/class-wpcom-rest-api-v2-endpoint-search.php:30
Stack trace:
#0 /home/sneeze7/public_html/wp-content/plugins/jetpack/_inc/lib/core-api/load-wpcom-endpoints.php(32): WPCOM_REST_API_V2_Endpoint_Search->__construct()
#1 /home/sneeze7/public_html/wp-content/plugins/jetpack/_inc/lib/core-api/wpcom-endpoints/class-wpcom-rest-api-v2-endpoint-search.php(51): wpcom_rest_api_v2_load_plugin('WPCOM_REST_API_...')
#2 /home/sneeze7/public_html/wp-content/plugins/jetpack/_inc/lib/core-api/load-wpcom-endpoints.php(19): require_once('/home/sneeze7/p...')
#3 /home/sneeze7/public_html/wp-content/plugins/jetpack/_inc/lib/core-api/load-wpcom-endpoints.php(42): wpcom_rest_api_v2_load_plugin_files('wpcom-endpoints...')
#4 /home/sneeze7/public_html/wp-includes/class-wp-hook.php(307): load_wpcom_rest_api_v2_plugin_files('')
#5 /home/sneeze7/public_html/wp-includes/class-w in /home/sneeze7/public_html/wp-content/plugins/jetpack/_inc/lib/core-api/wpcom-endpoints/class-wpcom-rest-api-v2-endpoint-search.php on line 30

2022-08-06T22:49:08+00:00 CRITICAL Uncaught Error: Class 'Automattic\Jetpack\Search\REST_Controller' not found in /home/sneeze7/public_html/wp-content/plugins/jetpack/_inc/lib/core-api/wpcom-endpoints/class-wpcom-rest-api-v2-endpoint-search.php:30
Stack trace:
#0 /home/sneeze7/public_html/wp-content/plugins/jetpack/_inc/lib/core-api/load-wpcom-endpoints.php(32): WPCOM_REST_API_V2_Endpoint_Search->__construct()
#1 /home/sneeze7/public_html/wp-content/plugins/jetpack/_inc/lib/core-api/wpcom-endpoints/class-wpcom-rest-api-v2-endpoint-search.php(51): wpcom_rest_api_v2_load_plugin('WPCOM_REST_API_...')
#2 /home/sneeze7/public_html/wp-content/plugins/jetpack/_inc/lib/core-api/load-wpcom-endpoints.php(19): require_once('/home/sneeze7/p...')
#3 /home/sneeze7/public_html/wp-content/plugins/jetpack/_inc/lib/core-api/load-wpcom-endpoints.php(42): wpcom_rest_api_v2_load_plugin_files('wpcom-endpoints...')
#4 /home/sneeze7/public_html/wp-includes/class-wp-hook.php(307): load_wpcom_rest_api_v2_plugin_files('')
#5 /home/sneeze7/public_html/wp-includes/class-w in /home/sneeze7/public_html/wp-content/plugins/jetpack/_inc/lib/core-api/wpcom-endpoints/class-wpcom-rest-api-v2-endpoint-search.php on line 30

